#-----------------------------------------------------------
# Vivado v2016.2 (64-bit)
# SW Build 1577090 on Thu Jun  2 16:32:40 MDT 2016
# IP Build 1577682 on Fri Jun  3 12:00:54 MDT 2016
# Start of session at: Tue Oct 17 15:33:16 2017
# Process ID: 3312
# Current directory: F:/Project_Filip/Project 2/audio_effects
# Command line: vivado.exe -gui_launcher_event rodinguilauncherevent5376 F:\Project_Filip\Project 2\audio_effects\audio_effects.xpr
# Log file: F:/Project_Filip/Project 2/audio_effects/vivado.log
# Journal file: F:/Project_Filip/Project 2/audio_effects\vivado.jou
#-----------------------------------------------------------
start_gui
open_project {F:/Project_Filip/Project 2/audio_effects/audio_effects.xpr}
INFO: [Project 1-313] Project file moved from 'D:/MyWork/audio_effects' since last save.
Scanning sources...
Finished scanning sources
INFO: [IP_Flow 19-234] Refreshing IP repositories
INFO: [IP_Flow 19-1704] No user IP repositories specified
INFO: [IP_Flow 19-2313] Loaded Vivado IP repository 'C:/Xilinx/Vivado/2016.2/data/ip'.
open_project: Time (s): cpu = 00:00:10 ; elapsed = 00:00:25 . Memory (MB): peak = 768.246 ; gain = 99.750
update_compile_order -fileset sources_1
reset_run impl_1 -prev_step 
launch_runs impl_1 -to_step write_bitstream
[Tue Oct 17 15:53:31 2017] Launched impl_1...
Run output will be captured here: F:/Project_Filip/Project 2/audio_effects/audio_effects.runs/impl_1/runme.log
open_hw
connect_hw_server
INFO: [Labtools 27-2285] Connecting to hw_server url TCP:localhost:3121
open_hw_target
INFO: [Labtoolstcl 44-466] Opening hw_target localhost:3121/xilinx_tcf/Digilent/210183714402A
set_property PROGRAM.FILE {F:/Project_Filip/Project 2/audio_effects/audio_effects.runs/impl_1/AUDIO_FX_TOP.bit} [lindex [get_hw_devices] 0]
current_hw_device [lindex [get_hw_devices] 0]
refresh_hw_device -update_hw_probes false [lindex [get_hw_devices] 0]
INFO: [Labtools 27-1434] Device xc7a35t (JTAG device index = 0) is programmed with a design that has no supported debug core(s) in it.
WARNING: [Labtools 27-3123] The debug hub core was not detected at User Scan Chain 1 or 3.
Resolution: 
1. Make sure the clock connected to the debug hub (dbg_hub) core is a free running clock and is active OR
2. Manually launch hw_server with -e "set xsdb-user-bscan <C_USER_SCAN_CHAIN scan_chain_number>" to detect the debug hub at User Scan Chain of 2 or 4. To determine the user scan chain setting, open the implemented design and use: get_property C_USER_SCAN_CHAIN [get_debug_cores dbg_hub].
set_property PROBES.FILE {} [lindex [get_hw_devices] 0]
set_property PROGRAM.FILE {F:/Project_Filip/Project 2/audio_effects/audio_effects.runs/impl_1/AUDIO_FX_TOP.bit} [lindex [get_hw_devices] 0]
program_hw_devices [lindex [get_hw_devices] 0]
INFO: [Labtools 27-3164] End of startup status: HIGH
refresh_hw_device [lindex [get_hw_devices] 0]
INFO: [Labtools 27-1434] Device xc7a35t (JTAG device index = 0) is programmed with a design that has no supported debug core(s) in it.
WARNING: [Labtools 27-3123] The debug hub core was not detected at User Scan Chain 1 or 3.
Resolution: 
1. Make sure the clock connected to the debug hub (dbg_hub) core is a free running clock and is active OR
2. Manually launch hw_server with -e "set xsdb-user-bscan <C_USER_SCAN_CHAIN scan_chain_number>" to detect the debug hub at User Scan Chain of 2 or 4. To determine the user scan chain setting, open the implemented design and use: get_property C_USER_SCAN_CHAIN [get_debug_cores dbg_hub].
create_ip -name dist_mem_gen -vendor xilinx.com -library ip -version 8.0 -module_name dist_mem_gen_0
set_property -dict [list CONFIG.depth {8192} CONFIG.data_width {12} CONFIG.memory_type {rom} CONFIG.coefficient_file {D:/MyWork/hello_data.coe} CONFIG.default_data_radix {10}] [get_ips dist_mem_gen_0]
generate_target {instantiation_template} [get_files {{f:/Project_Filip/Project 2/audio_effects/audio_effects.srcs/sources_1/ip/dist_mem_gen_0/dist_mem_gen_0.xci}}]
INFO: [IP_Flow 19-1686] Generating 'Instantiation Template' target for IP 'dist_mem_gen_0'...
update_compile_order -fileset sources_1
generate_target all [get_files  {{f:/Project_Filip/Project 2/audio_effects/audio_effects.srcs/sources_1/ip/dist_mem_gen_0/dist_mem_gen_0.xci}}]
INFO: [IP_Flow 19-1686] Generating 'Synthesis' target for IP 'dist_mem_gen_0'...
INFO: [IP_Flow 19-1686] Generating 'Simulation' target for IP 'dist_mem_gen_0'...
INFO: [IP_Flow 19-1686] Generating 'Change Log' target for IP 'dist_mem_gen_0'...
generate_target: Time (s): cpu = 00:00:09 ; elapsed = 00:00:11 . Memory (MB): peak = 954.434 ; gain = 0.000
export_ip_user_files -of_objects [get_files {{f:/Project_Filip/Project 2/audio_effects/audio_effects.srcs/sources_1/ip/dist_mem_gen_0/dist_mem_gen_0.xci}}] -no_script -force -quiet
create_ip_run [get_files -of_objects [get_fileset sources_1] {{f:/Project_Filip/Project 2/audio_effects/audio_effects.srcs/sources_1/ip/dist_mem_gen_0/dist_mem_gen_0.xci}}]
launch_run -jobs 2 dist_mem_gen_0_synth_1
[Tue Oct 17 16:17:26 2017] Launched dist_mem_gen_0_synth_1...
Run output will be captured here: F:/Project_Filip/Project 2/audio_effects/audio_effects.runs/dist_mem_gen_0_synth_1/runme.log
launch_runs: Time (s): cpu = 00:00:00 ; elapsed = 00:00:07 . Memory (MB): peak = 954.434 ; gain = 0.000
export_simulation -of_objects [get_files {{f:/Project_Filip/Project 2/audio_effects/audio_effects.srcs/sources_1/ip/dist_mem_gen_0/dist_mem_gen_0.xci}}] -directory {F:/Project_Filip/Project 2/audio_effects/audio_effects.ip_user_files/sim_scripts} -ip_user_files_dir {F:/Project_Filip/Project 2/audio_effects/audio_effects.ip_user_files} -ipstatic_source_dir {F:/Project_Filip/Project 2/audio_effects/audio_effects.ip_user_files/ipstatic} -force -quiet
update_compile_order -fileset sources_1
reset_run dist_mem_gen_0_synth_1
reset_run: Time (s): cpu = 00:00:00 ; elapsed = 00:00:06 . Memory (MB): peak = 958.461 ; gain = 0.000
exit
INFO: [Common 17-206] Exiting Vivado at Tue Oct 17 16:49:03 2017...
