#-----------------------------------------------------------
# Vivado v2016.2 (64-bit)
# SW Build 1577090 on Thu Jun  2 16:32:40 MDT 2016
# IP Build 1577682 on Fri Jun  3 12:00:54 MDT 2016
# Start of session at: Tue Oct 17 09:37:25 2017
# Process ID: 6140
# Current directory: D:/MyWork/audio_effects
# Command line: vivado.exe -gui_launcher_event rodinguilauncherevent5932 D:\MyWork\audio_effects\audio_effects.xpr
# Log file: D:/MyWork/audio_effects/vivado.log
# Journal file: D:/MyWork/audio_effects\vivado.jou
#-----------------------------------------------------------
start_gui
open_project D:/MyWork/audio_effects/audio_effects.xpr
INFO: [Project 1-313] Project file moved from 'F:/Project/audio_effects' since last save.
Scanning sources...
Finished scanning sources
INFO: [IP_Flow 19-234] Refreshing IP repositories
INFO: [IP_Flow 19-1704] No user IP repositories specified
INFO: [IP_Flow 19-2313] Loaded Vivado IP repository 'C:/Xilinx/Vivado/2016.2/data/ip'.
ERROR: [Project 1-202] Error writing the XML file 'D:/MyWork/audio_effects/audio_effects.xpr'
ERROR: [Commoupdate_compile_order -fileset sources_1
close [ open D:/MyWork/audio_effects/audio_effects.srcs/sources_1/new/create_tone.v w ]
add_files D:/MyWork/audio_effects/audio_effects.srcs/sources_1/new/create_tone.v
update_compile_order -fileset sources_1
ERROR: [Common 17-180] Spawn failed: No error
update_compile_order -fileset sources_1
synth_design -rtl -name rtl_1
Command: synth_design -rtl -name rtl_1
Starting synth_design
Using part: xc7a35tcpg236-1
Top: AUDIO_FX_TOP
---------------------------------------------------------------------------------
Starting RTL Elaboration : Time (s): cpu = 00:01:42 ; elapsed = 00:46:05 . Memory (MB): peak = 777.883 ; gain = 569.922
---------------------------------------------------------------------------------
INFO: [Synth 8-638] synthesizing module 'AUDIO_FX_TOP' [D:/MyWork/audio_effects/audio_effects.srcs/sources_1/new/AUDIO_FX_TOP.v:14]
INFO: [Synth 8-638] synthesizing module 'create_clk_20k' [D:/MyWork/audio_effects/audio_effects.srcs/sources_1/new/create_clk_20k.v:23]
INFO: [Synth 8-256] done synthesizing module 'create_clk_20k' (1#1) [D:/MyWork/audio_effects/audio_effects.srcs/sources_1/new/create_clk_20k.v:23]
INFO: [Synth 8-638] synthesizing module 'create_clk_50M' [D:/MyWork/audio_effects/audio_effects.srcs/sources_1/new/create_clk_50M.v:23]
INFO: [Synth 8-256] done synthesizing module 'create_clk_50M' (2#1) [D:/MyWork/audio_effects/audio_effects.srcs/sources_1/new/create_clk_50M.v:23]
INFO: [Synth 8-638] synthesizing module 'create_tone' [D:/MyWork/audio_effects/audio_effects.srcs/sources_1/new/create_tone.v:23]
ERROR: [Synth 8-434] mixed level sensitive and edge triggered event controls are not supported for synthesis [D:/MyWork/audio_effects/audio_effects.srcs/sources_1/new/create_tone.v:32]
ERROR: [Synth 8-285] failed synthesizing module 'create_tone' [D:/MyWork/audio_effects/audio_effects.srcs/sources_1/new/create_tone.v:23]
ERROR: [Synth 8-285] failed synthesizing module 'AUDIO_FX_TOP' [D:/MyWork/audio_effects/audio_effects.srcs/sources_1/new/AUDIO_FX_TOP.v:14]
---------------------------------------------------------------------------------
Finished RTL Elaboration : Time (s): cpu = 00:01:43 ; elapsed = 00:46:06 . Memory (MB): peak = 804.688 ; gain = 596.727
---------------------------------------------------------------------------------
RTL Elaboration failed
6 Infos, 0 Warnings, 0 Critical Warnings and 4 Errors encountered.
synth_design failed
ERROR: [Vivado_Tcl 4-5] Elaboration failed - please see the console for details
synth_design -rtl -name rtl_1
Command: synth_design -rtl -name rtl_1
Starting synth_design
Using part: xc7a35tcpg236-1
Top: AUDIO_FX_TOP
---------------------------------------------------------------------------------
Starting RTL Elaboration : Time (s): cpu = 00:02:28 ; elapsed = 01:15:23 . Memory (MB): peak = 818.836 ; gain = 610.875
---------------------------------------------------------------------------------
INFO: [Synth 8-638] synthesizing module 'AUDIO_FX_TOP' [D:/MyWork/audio_effects/audio_effects.srcs/sources_1/new/AUDIO_FX_TOP.v:14]
INFO: [Synth 8-638] synthesizing module 'create_clk_20k' [D:/MyWork/audio_effects/audio_effects.srcs/sources_1/new/create_clk_20k.v:23]
INFO: [Synth 8-256] done synthesizing module 'create_clk_20k' (1#1) [D:/MyWork/audio_effects/audio_effects.srcs/sources_1/new/create_clk_20k.v:23]
INFO: [Synth 8-638] synthesizing module 'create_clk_50M' [D:/MyWork/audio_effects/audio_effects.srcs/sources_1/new/create_clk_50M.v:23]
INFO: [Synth 8-256] done synthesizing module 'create_clk_50M' (2#1) [D:/MyWork/audio_effects/audio_effects.srcs/sources_1/new/create_clk_50M.v:23]
INFO: [Synth 8-638] synthesizing module 'create_tone' [D:/MyWork/audio_effects/audio_effects.srcs/sources_1/new/create_tone.v:23]
INFO: [Synth 8-256] done synthesizing module 'create_tone' (3#1) [D:/MyWork/audio_effects/audio_effects.srcs/sources_1/new/create_tone.v:23]
WARNING: [Synth 8-689] width (12) of port connection 'Tone_Freq' does not match port width (1) of module 'create_tone' [D:/MyWork/audio_effects/audio_effects.srcs/sources_1/new/AUDIO_FX_TOP.v:42]
INFO: [Synth 8-638] synthesizing module 'DA2RefComp' [D:/MyWork/audio_effects/audio_effects.srcs/sources_1/imports/audio_effects.srcs/DA2CompRef.vhd:59]
INFO: [Synth 8-256] done synthesizing module 'DA2RefComp' (4#1) [D:/MyWork/audio_effects/audio_effects.srcs/sources_1/imports/audio_effects.srcs/DA2CompRef.vhd:59]
WARNING: [Synth 8-3848] Net J_MIC3_Pin1 in module/entity AUDIO_FX_TOP does not have driver. [D:/MyWork/audio_effects/audio_effects.srcs/sources_1/new/AUDIO_FX_TOP.v:21]
WARNING: [Synth 8-3848] Net J_MIC3_Pin4 in module/entity AUDIO_FX_TOP does not have driver. [D:/MyWork/audio_effects/audio_effects.srcs/sources_1/new/AUDIO_FX_TOP.v:22]
INFO: [Synth 8-256] done synthesizing module 'AUDIO_FX_TOP' (5#1) [D:/MyWork/audio_effects/audio_effects.srcs/sources_1/new/AUDIO_FX_TOP.v:14]
WARNING: [Synth 8-3331] design AUDIO_FX_TOP has unconnected port J_MIC3_Pin1
WARNING: [Synth 8-3331] design AUDIO_FX_TOP has unconnected port J_MIC3_Pin4
WARNING: [Synth 8-3331] design AUDIO_FX_TOP has unconnected port J_MIC3_Pin3
---------------------------------------------------------------------------------
Finished RTL Elaboration : Time (s): cpu = 00:02:29 ; elapsed = 01:15:24 . Memory (MB): peak = 818.836 ; gain = 610.875
---------------------------------------------------------------------------------

Report Check Netlist: 
+------+------------------+-------+---------+-------+------------------+
|      |Item              |Errors |Warnings |Status |Description       |
+------+------------------+-------+---------+-------+------------------+
|1     |multi_driven_nets |      0|        0|Passed |Multi driven nets |
+------+------------------+-------+---------+-------+------------------+
WARNING: [Synth 8-3295] tying undriven pin u2:DATA2[11] to constant 0 [D:/MyWork/audio_effects/audio_effects.srcs/sources_1/new/AUDIO_FX_TOP.v:61]
WARNING: [Synth 8-3295] tying undriven pin u2:DATA2[10] to constant 0 [D:/MyWork/audio_effects/audio_effects.srcs/sources_1/new/AUDIO_FX_TOP.v:61]
WARNING: [Synth 8-3295] tying undriven pin u2:DATA2[9] to constant 0 [D:/MyWork/audio_effects/audio_effects.srcs/sources_1/new/AUDIO_FX_TOP.v:61]
WARNING: [Synth 8-3295] tying undriven pin u2:DATA2[8] to constant 0 [D:/MyWork/audio_effects/audio_effects.srcs/sources_1/new/AUDIO_FX_TOP.v:61]
WARNING: [Synth 8-3295] tying undriven pin u2:DATA2[7] to constant 0 [D:/MyWork/audio_effects/audio_effects.srcs/sources_1/new/AUDIO_FX_TOP.v:61]
WARNING: [Synth 8-3295] tying undriven pin u2:DATA2[6] to constant 0 [D:/MyWork/audio_effects/audio_effects.srcs/sources_1/new/AUDIO_FX_TOP.v:61]
WARNING: [Synth 8-3295] tying undriven pin u2:DATA2[5] to constant 0 [D:/MyWork/audio_effects/audio_effects.srcs/sources_1/new/AUDIO_FX_TOP.v:61]
WARNING: [Synth 8-3295] tying undriven pin u2:DATA2[4] to constant 0 [D:/MyWork/audio_effects/audio_effects.srcs/sources_1/new/AUDIO_FX_TOP.v:61]
WARNING: [Synth 8-3295] tying undriven pin u2:DATA2[3] to constant 0 [D:/MyWork/audio_effects/audio_effects.srcs/sources_1/new/AUDIO_FX_TOP.v:61]
WARNING: [Synth 8-3295] tying undriven pin u2:DATA2[2] to constant 0 [D:/MyWork/audio_effects/audio_effects.srcs/sources_1/new/AUDIO_FX_TOP.v:61]
WARNING: [Synth 8-3295] tying undriven pin u2:DATA2[1] to constant 0 [D:/MyWork/audio_effects/audio_effects.srcs/sources_1/new/AUDIO_FX_TOP.v:61]
WARNING: [Synth 8-3295] tying undriven pin u2:DATA2[0] to constant 0 [D:/MyWork/audio_effects/audio_effects.srcs/sources_1/new/AUDIO_FX_TOP.v:61]
---------------------------------------------------------------------------------
Finished RTL Optimization Phase 1 : Time (s): cpu = 00:02:29 ; elapsed = 01:15:24 . Memory (MB): peak = 818.836 ; gain = 610.875
---------------------------------------------------------------------------------
INFO: [Device 21-403] Loading part xc7a35tcpg236-1
INFO: [Project 1-570] Preparing netlist for logic optimization

Processing XDC Constraints
Initializing timing engine
Parsing XDC File [D:/MyWork/audio_effects/audio_effects.srcs/constrs_1/imports/Learn/Basys3_Master.xdc]
WARNING: [Vivado 12-584] No ports matched 'output'. [D:/MyWork/audio_effects/audio_effects.srcs/constrs_1/imports/Learn/Basys3_Master.xdc:180]
WARNING: [Vivado 12-584] No ports matched 'output'. [D:/MyWork/audio_effects/audio_effects.srcs/constrs_1/imports/Learn/Basys3_Master.xdc:181]
Finished Parsing XDC File [D:/MyWork/audio_effects/audio_effects.srcs/constrs_1/imports/Learn/Basys3_Master.xdc]
Completed Processing XDC Constraints

INFO: [Opt 31-138] Pushed 0 inverter(s) to 0 load pin(s).
INFO: [Project 1-111] Unisim Transformation Summary:
No Unisim elements were transformed.

RTL Elaboration Complete:  : Time (s): cpu = 00:02:41 ; elapsed = 01:15:45 . Memory (MB): peak = 1116.148 ; gain = 908.188
14 Infos, 20 Warnings, 0 Critical Warnings and 0 Errors encountered.
synth_design completed successfully
synth_design: Time (s): cpu = 00:00:16 ; elapsed = 00:00:25 . Memory (MB): peak = 1116.148 ; gain = 297.313
reset_run synth_1
launch_runs impl_1 -to_step write_bitstream
[Tue Oct 17 10:52:18 2017] Launched synth_1...
Run output will be captured here: D:/MyWork/audio_effects/audio_effects.runs/synth_1/runme.log
[Tue Oct 17 10:52:18 2017] Launched impl_1...
Run output will be captured here: D:/MyWork/audio_effects/audio_effects.runs/impl_1/runme.log
reset_run impl_1 -noclean_dir 
launch_runs impl_1 -to_step write_bitstream
[Tue Oct 17 10:53:39 2017] Launched impl_1...
Run output will be captured here: D:/MyWork/audio_effects/audio_effects.runs/impl_1/runme.log
open_hw
connect_hw_server
INFO: [Labtools 27-2285] Connecting to hw_server url TCP:localhost:3121
INFO: [Labtools 27-2222] Launching hw_server...
INFO: [Labtools 27-2221] Launch Output:

****** Xilinx hw_server v2016.2
  **** Build date : Jun  2 2016-16:57:03
    ** Copyright 1986-2016 Xilinx, Inc. All Rights Reserved.


open_hw_target
INFO: [Labtoolstcl 44-466] Opening hw_target localhost:3121/xilinx_tcf/Digilent/210183714402A
set_property PROGRAM.FILE {D:/MyWork/audio_effects/audio_effects.runs/impl_1/AUDIO_FX_TOP.bit} [lindex [get_hw_devices] 0]
current_hw_device [lindex [get_hw_devices] 0]
refresh_hw_device -update_hw_probes false [lindex [get_hw_devices] 0]
INFO: [Labtools 27-1434] Device xc7a35t (JTAG device index = 0) is programmed with a design that has no supported debug core(s) in it.
WARNING: [Labtools 27-3123] The debug hub core was not detected at User Scan Chain 1 or 3.
Resolution: 
1. Make sure the clock connected to the debug hub (dbg_hub) core is a free running clock and is active OR
2. Manually launch hw_server with -e "set xsdb-user-bscan <C_USER_SCAN_CHAIN scan_chain_number>" to detect the debug hub at User Scan Chain of 2 or 4. To determine the user scan chain setting, open the implemented design and use: get_property C_USER_SCAN_CHAIN [get_debug_cores dbg_hub].
set_property PROBES.FILE {} [lindex [get_hw_devices] 0]
set_property PROGRAM.FILE {D:/MyWork/audio_effects/audio_effects.runs/impl_1/AUDIO_FX_TOP.bit} [lindex [get_hw_devices] 0]
program_hw_devices [lindex [get_hw_devices] 0]
INFO: [Labtools 27-3164] End of startup status: HIGH
refresh_hw_device [lindex [get_hw_devices] 0]
INFO: [Labtools 27-1434] Device xc7a35t (JTAG device index = 0) is programmed with a design that has no supported debug core(s) in it.
WARNING: [Labtools 27-3123] The debug hub core was not detected at User Scan Chain 1 or 3.
Resolution: 
1. Make sure the clock connected to the debug hub (dbg_hub) core is a free running clock and is active OR
2. Manually launch hw_server with -e "set xsdb-user-bscan <C_USER_SCAN_CHAIN scan_chain_number>" to detect the debug hub at User Scan Chain of 2 or 4. To determine the user scan chain setting, open the implemented design and use: get_property C_USER_SCAN_CHAIN [get_debug_cores dbg_hub].
refresh_design
---------------------------------------------------------------------------------
Starting RTL Elaboration : Time (s): cpu = 00:03:10 ; elapsed = 01:24:52 . Memory (MB): peak = 1191.141 ; gain = 983.180
---------------------------------------------------------------------------------
INFO: [Synth 8-638] synthesizing module 'AUDIO_FX_TOP' [D:/MyWork/audio_effects/audio_effects.srcs/sources_1/new/AUDIO_FX_TOP.v:14]
INFO: [Synth 8-638] synthesizing module 'create_clk_20k' [D:/MyWork/audio_effects/audio_effects.srcs/sources_1/new/create_clk_20k.v:23]
INFO: [Synth 8-256] done synthesizing module 'create_clk_20k' (1#1) [D:/MyWork/audio_effects/audio_effects.srcs/sources_1/new/create_clk_20k.v:23]
INFO: [Synth 8-638] synthesizing module 'create_clk_50M' [D:/MyWork/audio_effects/audio_effects.srcs/sources_1/new/create_clk_50M.v:23]
INFO: [Synth 8-256] done synthesizing module 'create_clk_50M' (2#1) [D:/MyWork/audio_effects/audio_effects.srcs/sources_1/new/create_clk_50M.v:23]
INFO: [Synth 8-638] synthesizing module 'create_tone' [D:/MyWork/audio_effects/audio_effects.srcs/sources_1/new/create_tone.v:23]
INFO: [Synth 8-256] done synthesizing module 'create_tone' (3#1) [D:/MyWork/audio_effects/audio_effects.srcs/sources_1/new/create_tone.v:23]
WARNING: [Synth 8-689] width (12) of port connection 'Tone_Freq' does not match port width (1) of module 'create_tone' [D:/MyWork/audio_effects/audio_effects.srcs/sources_1/new/AUDIO_FX_TOP.v:42]
INFO: [Synth 8-638] synthesizing module 'DA2RefComp' [D:/MyWork/audio_effects/audio_effects.srcs/sources_1/imports/audio_effects.srcs/DA2CompRef.vhd:59]
INFO: [Synth 8-256] done synthesizing module 'DA2RefComp' (4#1) [D:/MyWork/audio_effects/audio_effects.srcs/sources_1/imports/audio_effects.srcs/DA2CompRef.vhd:59]
WARNING: [Synth 8-3848] Net J_MIC3_Pin1 in module/entity AUDIO_FX_TOP does not have driver. [D:/MyWork/audio_effects/audio_effects.srcs/sources_1/new/AUDIO_FX_TOP.v:21]
WARNING: [Synth 8-3848] Net J_MIC3_Pin4 in module/entity AUDIO_FX_TOP does not have driver. [D:/MyWork/audio_effects/audio_effects.srcs/sources_1/new/AUDIO_FX_TOP.v:22]
INFO: [Synth 8-256] done synthesizing module 'AUDIO_FX_TOP' (5#1) [D:/MyWork/audio_effects/audio_effects.srcs/sources_1/new/AUDIO_FX_TOP.v:14]
WARNING: [Synth 8-3331] design AUDIO_FX_TOP has unconnected port J_MIC3_Pin1
WARNING: [Synth 8-3331] design AUDIO_FX_TOP has unconnected port J_MIC3_Pin4
WARNING: [Synth 8-3331] design AUDIO_FX_TOP has unconnected port J_MIC3_Pin3
---------------------------------------------------------------------------------
Finished RTL Elaboration : Time (s): cpu = 00:03:11 ; elapsed = 01:24:52 . Memory (MB): peak = 1221.375 ; gain = 1013.414
---------------------------------------------------------------------------------

Report Check Netlist: 
+------+------------------+-------+---------+-------+------------------+
|      |Item              |Errors |Warnings |Status |Description       |
+------+------------------+-------+---------+-------+------------------+
|1     |multi_driven_nets |      0|        0|Passed |Multi driven nets |
+------+------------------+-------+---------+-------+------------------+
WARNING: [Synth 8-3295] tying undriven pin u2:DATA2[11] to constant 0 [D:/MyWork/audio_effects/audio_effects.srcs/sources_1/new/AUDIO_FX_TOP.v:61]
WARNING: [Synth 8-3295] tying undriven pin u2:DATA2[10] to constant 0 [D:/MyWork/audio_effects/audio_effects.srcs/sources_1/new/AUDIO_FX_TOP.v:61]
WARNING: [Synth 8-3295] tying undriven pin u2:DATA2[9] to constant 0 [D:/MyWork/audio_effects/audio_effects.srcs/sources_1/new/AUDIO_FX_TOP.v:61]
WARNING: [Synth 8-3295] tying undriven pin u2:DATA2[8] to constant 0 [D:/MyWork/audio_effects/audio_effects.srcs/sources_1/new/AUDIO_FX_TOP.v:61]
WARNING: [Synth 8-3295] tying undriven pin u2:DATA2[7] to constant 0 [D:/MyWork/audio_effects/audio_effects.srcs/sources_1/new/AUDIO_FX_TOP.v:61]
WARNING: [Synth 8-3295] tying undriven pin u2:DATA2[6] to constant 0 [D:/MyWork/audio_effects/audio_effects.srcs/sources_1/new/AUDIO_FX_TOP.v:61]
WARNING: [Synth 8-3295] tying undriven pin u2:DATA2[5] to constant 0 [D:/MyWork/audio_effects/audio_effects.srcs/sources_1/new/AUDIO_FX_TOP.v:61]
WARNING: [Synth 8-3295] tying undriven pin u2:DATA2[4] to constant 0 [D:/MyWork/audio_effects/audio_effects.srcs/sources_1/new/AUDIO_FX_TOP.v:61]
WARNING: [Synth 8-3295] tying undriven pin u2:DATA2[3] to constant 0 [D:/MyWork/audio_effects/audio_effects.srcs/sources_1/new/AUDIO_FX_TOP.v:61]
WARNING: [Synth 8-3295] tying undriven pin u2:DATA2[2] to constant 0 [D:/MyWork/audio_effects/audio_effects.srcs/sources_1/new/AUDIO_FX_TOP.v:61]
WARNING: [Synth 8-3295] tying undriven pin u2:DATA2[1] to constant 0 [D:/MyWork/audio_effects/audio_effects.srcs/sources_1/new/AUDIO_FX_TOP.v:61]
WARNING: [Synth 8-3295] tying undriven pin u2:DATA2[0] to constant 0 [D:/MyWork/audio_effects/audio_effects.srcs/sources_1/new/AUDIO_FX_TOP.v:61]
---------------------------------------------------------------------------------
Finished RTL Optimization Phase 1 : Time (s): cpu = 00:03:11 ; elapsed = 01:24:53 . Memory (MB): peak = 1221.375 ; gain = 1013.414
---------------------------------------------------------------------------------
INFO: [Project 1-570] Preparing netlist for logic optimization

Processing XDC Constraints
Initializing timing engine
Parsing XDC File [D:/MyWork/audio_effects/audio_effects.srcs/constrs_1/imports/Learn/Basys3_Master.xdc]
Finished Parsing XDC File [D:/MyWork/audio_effects/audio_effects.srcs/constrs_1/imports/Learn/Basys3_Master.xdc]
Completed Processing XDC Constraints

INFO: [Opt 31-138] Pushed 0 inverter(s) to 0 load pin(s).
refresh_design: Time (s): cpu = 00:00:13 ; elapsed = 00:00:10 . Memory (MB): peak = 1276.809 ; gain = 93.469
reset_run synth_1
launch_runs impl_1 -to_step write_bitstream
[Tue Oct 17 11:01:43 2017] Launched synth_1...
Run output will be captured here: D:/MyWork/audio_effects/audio_effects.runs/synth_1/runme.log
[Tue Oct 17 11:01:43 2017] Launched impl_1...
Run output will be captured here: D:/MyWork/audio_effects/audio_effects.runs/impl_1/runme.log
set_property PROBES.FILE {} [lindex [get_hw_devices] 0]
set_property PROGRAM.FILE {D:/MyWork/audio_effects/audio_effects.runs/impl_1/AUDIO_FX_TOP.bit} [lindex [get_hw_devices] 0]
program_hw_devices [lindex [get_hw_devices] 0]
INFO: [Labtools 27-3164] End of startup status: HIGH
refresh_hw_device [lindex [get_hw_devices] 0]
INFO: [Labtools 27-1434] Device xc7a35t (JTAG device index = 0) is programmed with a design that has no supported debug core(s) in it.
WARNING: [Labtools 27-3123] The debug hub core was not detected at User Scan Chain 1 or 3.
Resolution: 
1. Make sure the clock connected to the debug hub (dbg_hub) core is a free running clock and is active OR
2. Manually launch hw_server with -e "set xsdb-user-bscan <C_USER_SCAN_CHAIN scan_chain_number>" to detect the debug hub at User Scan Chain of 2 or 4. To determine the user scan chain setting, open the implemented design and use: get_property C_USER_SCAN_CHAIN [get_debug_cores dbg_hub].
refresh_hw_device [lindex [get_hw_devices] 0]
INFO: [Labtools 27-1434] Device xc7a35t (JTAG device index = 0) is programmed with a design that has no supported debug core(s) in it.
WARNING: [Labtools 27-3123] The debug hub core was not detected at User Scan Chain 1 or 3.
Resolution: 
1. Make sure the clock connected to the debug hub (dbg_hub) core is a free running clock and is active OR
2. Manually launch hw_server with -e "set xsdb-user-bscan <C_USER_SCAN_CHAIN scan_chain_number>" to detect the debug hub at User Scan Chain of 2 or 4. To determine the user scan chain setting, open the implemented design and use: get_property C_USER_SCAN_CHAIN [get_debug_cores dbg_hub].
refresh_hw_device [lindex [get_hw_devices] 0]
INFO: [Labtools 27-1434] Device xc7a35t (JTAG device index = 0) is programmed with a design that has no supported debug core(s) in it.
WARNING: [Labtools 27-3123] The debug hub core was not detected at User Scan Chain 1 or 3.
Resolution: 
1. Make sure the clock connected to the debug hub (dbg_hub) core is a free running clock and is active OR
2. Manually launch hw_server with -e "set xsdb-user-bscan <C_USER_SCAN_CHAIN scan_chain_number>" to detect the debug hub at User Scan Chain of 2 or 4. To determine the user scan chain setting, open the implemented design and use: get_property C_USER_SCAN_CHAIN [get_debug_cores dbg_hub].
set_property PROBES.FILE {} [lindex [get_hw_devices] 0]
set_property PROGRAM.FILE {D:/MyWork/audio_effects/audio_effects.runs/impl_1/AUDIO_FX_TOP.bit} [lindex [get_hw_devices] 0]
program_hw_devices [lindex [get_hw_devices] 0]
INFO: [Labtools 27-3164] End of startup status: HIGH
refresh_hw_device [lindex [get_hw_devices] 0]
INFO: [Labtools 27-1434] Device xc7a35t (JTAG device index = 0) is programmed with a design that has no supported debug core(s) in it.
WARNING: [Labtools 27-3123] The debug hub core was not detected at User Scan Chain 1 or 3.
Resolution: 
1. Make sure the clock connected to the debug hub (dbg_hub) core is a free running clock and is active OR
2. Manually launch hw_server with -e "set xsdb-user-bscan <C_USER_SCAN_CHAIN scan_chain_number>" to detect the debug hub at User Scan Chain of 2 or 4. To determine the user scan chain setting, open the implemented design and use: get_property C_USER_SCAN_CHAIN [get_debug_cores dbg_hub].
refresh_design
---------------------------------------------------------------------------------
Starting RTL Elaboration : Time (s): cpu = 00:03:51 ; elapsed = 01:39:35 . Memory (MB): peak = 1276.809 ; gain = 1068.848
---------------------------------------------------------------------------------
INFO: [Synth 8-638] synthesizing module 'AUDIO_FX_TOP' [D:/MyWork/audio_effects/audio_effects.srcs/sources_1/new/AUDIO_FX_TOP.v:14]
INFO: [Synth 8-638] synthesizing module 'create_clk_20k' [D:/MyWork/audio_effects/audio_effects.srcs/sources_1/new/create_clk_20k.v:23]
INFO: [Synth 8-256] done synthesizing module 'create_clk_20k' (1#1) [D:/MyWork/audio_effects/audio_effects.srcs/sources_1/new/create_clk_20k.v:23]
INFO: [Synth 8-638] synthesizing module 'create_clk_50M' [D:/MyWork/audio_effects/audio_effects.srcs/sources_1/new/create_clk_50M.v:23]
INFO: [Synth 8-256] done synthesizing module 'create_clk_50M' (2#1) [D:/MyWork/audio_effects/audio_effects.srcs/sources_1/new/create_clk_50M.v:23]
INFO: [Synth 8-638] synthesizing module 'create_tone' [D:/MyWork/audio_effects/audio_effects.srcs/sources_1/new/create_tone.v:23]
INFO: [Synth 8-256] done synthesizing module 'create_tone' (3#1) [D:/MyWork/audio_effects/audio_effects.srcs/sources_1/new/create_tone.v:23]
WARNING: [Synth 8-689] width (12) of port connection 'Tone_Freq' does not match port width (1) of module 'create_tone' [D:/MyWork/audio_effects/audio_effects.srcs/sources_1/new/AUDIO_FX_TOP.v:42]
INFO: [Synth 8-638] synthesizing module 'DA2RefComp' [D:/MyWork/audio_effects/audio_effects.srcs/sources_1/imports/audio_effects.srcs/DA2CompRef.vhd:59]
INFO: [Synth 8-256] done synthesizing module 'DA2RefComp' (4#1) [D:/MyWork/audio_effects/audio_effects.srcs/sources_1/imports/audio_effects.srcs/DA2CompRef.vhd:59]
WARNING: [Synth 8-3848] Net J_MIC3_Pin1 in module/entity AUDIO_FX_TOP does not have driver. [D:/MyWork/audio_effects/audio_effects.srcs/sources_1/new/AUDIO_FX_TOP.v:21]
WARNING: [Synth 8-3848] Net J_MIC3_Pin4 in module/entity AUDIO_FX_TOP does not have driver. [D:/MyWork/audio_effects/audio_effects.srcs/sources_1/new/AUDIO_FX_TOP.v:22]
INFO: [Synth 8-256] done synthesizing module 'AUDIO_FX_TOP' (5#1) [D:/MyWork/audio_effects/audio_effects.srcs/sources_1/new/AUDIO_FX_TOP.v:14]
WARNING: [Synth 8-3331] design AUDIO_FX_TOP has unconnected port J_MIC3_Pin1
WARNING: [Synth 8-3331] design AUDIO_FX_TOP has unconnected port J_MIC3_Pin4
WARNING: [Synth 8-3331] design AUDIO_FX_TOP has unconnected port J_MIC3_Pin3
---------------------------------------------------------------------------------
Finished RTL Elaboration : Time (s): cpu = 00:03:52 ; elapsed = 01:39:35 . Memory (MB): peak = 1276.809 ; gain = 1068.848
---------------------------------------------------------------------------------

Report Check Netlist: 
+------+------------------+-------+---------+-------+------------------+
|      |Item              |Errors |Warnings |Status |Description       |
+------+------------------+-------+---------+-------+------------------+
|1     |multi_driven_nets |      0|        0|Passed |Multi driven nets |
+------+------------------+-------+---------+-------+------------------+
WARNING: [Synth 8-3295] tying undriven pin u2:DATA2[11] to constant 0 [D:/MyWork/audio_effects/audio_effects.srcs/sources_1/new/AUDIO_FX_TOP.v:61]
WARNING: [Synth 8-3295] tying undriven pin u2:DATA2[10] to constant 0 [D:/MyWork/audio_effects/audio_effects.srcs/sources_1/new/AUDIO_FX_TOP.v:61]
WARNING: [Synth 8-3295] tying undriven pin u2:DATA2[9] to constant 0 [D:/MyWork/audio_effects/audio_effects.srcs/sources_1/new/AUDIO_FX_TOP.v:61]
WARNING: [Synth 8-3295] tying undriven pin u2:DATA2[8] to constant 0 [D:/MyWork/audio_effects/audio_effects.srcs/sources_1/new/AUDIO_FX_TOP.v:61]
WARNING: [Synth 8-3295] tying undriven pin u2:DATA2[7] to constant 0 [D:/MyWork/audio_effects/audio_effects.srcs/sources_1/new/AUDIO_FX_TOP.v:61]
WARNING: [Synth 8-3295] tying undriven pin u2:DATA2[6] to constant 0 [D:/MyWork/audio_effects/audio_effects.srcs/sources_1/new/AUDIO_FX_TOP.v:61]
WARNING: [Synth 8-3295] tying undriven pin u2:DATA2[5] to constant 0 [D:/MyWork/audio_effects/audio_effects.srcs/sources_1/new/AUDIO_FX_TOP.v:61]
WARNING: [Synth 8-3295] tying undriven pin u2:DATA2[4] to constant 0 [D:/MyWork/audio_effects/audio_effects.srcs/sources_1/new/AUDIO_FX_TOP.v:61]
WARNING: [Synth 8-3295] tying undriven pin u2:DATA2[3] to constant 0 [D:/MyWork/audio_effects/audio_effects.srcs/sources_1/new/AUDIO_FX_TOP.v:61]
WARNING: [Synth 8-3295] tying undriven pin u2:DATA2[2] to constant 0 [D:/MyWork/audio_effects/audio_effects.srcs/sources_1/new/AUDIO_FX_TOP.v:61]
WARNING: [Synth 8-3295] tying undriven pin u2:DATA2[1] to constant 0 [D:/MyWork/audio_effects/audio_effects.srcs/sources_1/new/AUDIO_FX_TOP.v:61]
WARNING: [Synth 8-3295] tying undriven pin u2:DATA2[0] to constant 0 [D:/MyWork/audio_effects/audio_effects.srcs/sources_1/new/AUDIO_FX_TOP.v:61]
---------------------------------------------------------------------------------
Finished RTL Optimization Phase 1 : Time (s): cpu = 00:03:52 ; elapsed = 01:39:35 . Memory (MB): peak = 1276.809 ; gain = 1068.848
---------------------------------------------------------------------------------
INFO: [Project 1-570] Preparing netlist for logic optimization

Processing XDC Constraints
Initializing timing engine
Parsing XDC File [D:/MyWork/audio_effects/audio_effects.srcs/constrs_1/imports/Learn/Basys3_Master.xdc]
Finished Parsing XDC File [D:/MyWork/audio_effects/audio_effects.srcs/constrs_1/imports/Learn/Basys3_Master.xdc]
Completed Processing XDC Constraints

INFO: [Opt 31-138] Pushed 0 inverter(s) to 0 load pin(s).
refresh_design: Time (s): cpu = 00:00:10 ; elapsed = 00:00:09 . Memory (MB): peak = 1326.941 ; gain = 50.133
reset_run synth_1
launch_runs impl_1 -to_step write_bitstream
[Tue Oct 17 11:16:03 2017] Launched synth_1...
Run output will be captured here: D:/MyWork/audio_effects/audio_effects.runs/synth_1/runme.log
[Tue Oct 17 11:16:03 2017] Launched impl_1...
Run output will be captured here: D:/MyWork/audio_effects/audio_effects.runs/impl_1/runme.log
set_property PROBES.FILE {} [lindex [get_hw_devices] 0]
set_property PROGRAM.FILE {D:/MyWork/audio_effects/audio_effects.runs/impl_1/AUDIO_FX_TOP.bit} [lindex [get_hw_devices] 0]
program_hw_devices [lindex [get_hw_devices] 0]
INFO: [Labtools 27-3164] End of startup status: HIGH
refresh_hw_device [lindex [get_hw_devices] 0]
INFO: [Labtools 27-1434] Device xc7a35t (JTAG device index = 0) is programmed with a design that has no supported debug core(s) in it.
WARNING: [Labtools 27-3123] The debug hub core was not detected at User Scan Chain 1 or 3.
Resolution: 
1. Make sure the clock connected to the debug hub (dbg_hub) core is a free running clock and is active OR
2. Manually launch hw_server with -e "set xsdb-user-bscan <C_USER_SCAN_CHAIN scan_chain_number>" to detect the debug hub at User Scan Chain of 2 or 4. To determine the user scan chain setting, open the implemented design and use: get_property C_USER_SCAN_CHAIN [get_debug_cores dbg_hub].
set_property PROBES.FILE {} [lindex [get_hw_devices] 0]
set_property PROGRAM.FILE {D:/MyWork/audio_effects/audio_effects.runs/impl_1/AUDIO_FX_TOP.bit} [lindex [get_hw_devices] 0]
program_hw_devices [lindex [get_hw_devices] 0]
INFO: [Labtools 27-3164] End of startup status: HIGH
refresh_hw_device [lindex [get_hw_devices] 0]
INFO: [Labtools 27-1434] Device xc7a35t (JTAG device index = 0) is programmed with a design that has no supported debug core(s) in it.
WARNING: [Labtools 27-3123] The debug hub core was not detected at User Scan Chain 1 or 3.
Resolution: 
1. Make sure the clock connected to the debug hub (dbg_hub) core is a free running clock and is active OR
2. Manually launch hw_server with -e "set xsdb-user-bscan <C_USER_SCAN_CHAIN scan_chain_number>" to detect the debug hub at User Scan Chain of 2 or 4. To determine the user scan chain setting, open the implemented design and use: get_property C_USER_SCAN_CHAIN [get_debug_cores dbg_hub].
refresh_design
---------------------------------------------------------------------------------
Starting RTL Elaboration : Time (s): cpu = 00:04:12 ; elapsed = 01:43:29 . Memory (MB): peak = 1326.941 ; gain = 1118.980
---------------------------------------------------------------------------------
INFO: [Synth 8-638] synthesizing module 'AUDIO_FX_TOP' [D:/MyWork/audio_effects/audio_effects.srcs/sources_1/new/AUDIO_FX_TOP.v:14]
INFO: [Synth 8-638] synthesizing module 'create_clk_20k' [D:/MyWork/audio_effects/audio_effects.srcs/sources_1/new/create_clk_20k.v:23]
INFO: [Synth 8-256] done synthesizing module 'create_clk_20k' (1#1) [D:/MyWork/audio_effects/audio_effects.srcs/sources_1/new/create_clk_20k.v:23]
INFO: [Synth 8-638] synthesizing module 'create_clk_50M' [D:/MyWork/audio_effects/audio_effects.srcs/sources_1/new/create_clk_50M.v:23]
INFO: [Synth 8-256] done synthesizing module 'create_clk_50M' (2#1) [D:/MyWork/audio_effects/audio_effects.srcs/sources_1/new/create_clk_50M.v:23]
INFO: [Synth 8-638] synthesizing module 'create_tone' [D:/MyWork/audio_effects/audio_effects.srcs/sources_1/new/create_tone.v:23]
INFO: [Synth 8-256] done synthesizing module 'create_tone' (3#1) [D:/MyWork/audio_effects/audio_effects.srcs/sources_1/new/create_tone.v:23]
WARNING: [Synth 8-689] width (12) of port connection 'Tone_Freq' does not match port width (1) of module 'create_tone' [D:/MyWork/audio_effects/audio_effects.srcs/sources_1/new/AUDIO_FX_TOP.v:42]
INFO: [Synth 8-638] synthesizing module 'DA2RefComp' [D:/MyWork/audio_effects/audio_effects.srcs/sources_1/imports/audio_effects.srcs/DA2CompRef.vhd:59]
INFO: [Synth 8-256] done synthesizing module 'DA2RefComp' (4#1) [D:/MyWork/audio_effects/audio_effects.srcs/sources_1/imports/audio_effects.srcs/DA2CompRef.vhd:59]
WARNING: [Synth 8-3848] Net J_MIC3_Pin1 in module/entity AUDIO_FX_TOP does not have driver. [D:/MyWork/audio_effects/audio_effects.srcs/sources_1/new/AUDIO_FX_TOP.v:21]
WARNING: [Synth 8-3848] Net J_MIC3_Pin4 in module/entity AUDIO_FX_TOP does not have driver. [D:/MyWork/audio_effects/audio_effects.srcs/sources_1/new/AUDIO_FX_TOP.v:22]
INFO: [Synth 8-256] done synthesizing module 'AUDIO_FX_TOP' (5#1) [D:/MyWork/audio_effects/audio_effects.srcs/sources_1/new/AUDIO_FX_TOP.v:14]
WARNING: [Synth 8-3331] design AUDIO_FX_TOP has unconnected port J_MIC3_Pin1
WARNING: [Synth 8-3331] design AUDIO_FX_TOP has unconnected port J_MIC3_Pin4
WARNING: [Synth 8-3331] design AUDIO_FX_TOP has unconnected port J_MIC3_Pin3
---------------------------------------------------------------------------------
Finished RTL Elaboration : Time (s): cpu = 00:04:13 ; elapsed = 01:43:29 . Memory (MB): peak = 1326.941 ; gain = 1118.980
---------------------------------------------------------------------------------

Report Check Netlist: 
+------+------------------+-------+---------+-------+------------------+
|      |Item              |Errors |Warnings |Status |Description       |
+------+------------------+-------+---------+-------+------------------+
|1     |multi_driven_nets |      0|        0|Passed |Multi driven nets |
+------+------------------+-------+---------+-------+------------------+
WARNING: [Synth 8-3295] tying undriven pin u2:DATA2[11] to constant 0 [D:/MyWork/audio_effects/audio_effects.srcs/sources_1/new/AUDIO_FX_TOP.v:61]
WARNING: [Synth 8-3295] tying undriven pin u2:DATA2[10] to constant 0 [D:/MyWork/audio_effects/audio_effects.srcs/sources_1/new/AUDIO_FX_TOP.v:61]
WARNING: [Synth 8-3295] tying undriven pin u2:DATA2[9] to constant 0 [D:/MyWork/audio_effects/audio_effects.srcs/sources_1/new/AUDIO_FX_TOP.v:61]
WARNING: [Synth 8-3295] tying undriven pin u2:DATA2[8] to constant 0 [D:/MyWork/audio_effects/audio_effects.srcs/sources_1/new/AUDIO_FX_TOP.v:61]
WARNING: [Synth 8-3295] tying undriven pin u2:DATA2[7] to constant 0 [D:/MyWork/audio_effects/audio_effects.srcs/sources_1/new/AUDIO_FX_TOP.v:61]
WARNING: [Synth 8-3295] tying undriven pin u2:DATA2[6] to constant 0 [D:/MyWork/audio_effects/audio_effects.srcs/sources_1/new/AUDIO_FX_TOP.v:61]
WARNING: [Synth 8-3295] tying undriven pin u2:DATA2[5] to constant 0 [D:/MyWork/audio_effects/audio_effects.srcs/sources_1/new/AUDIO_FX_TOP.v:61]
WARNING: [Synth 8-3295] tying undriven pin u2:DATA2[4] to constant 0 [D:/MyWork/audio_effects/audio_effects.srcs/sources_1/new/AUDIO_FX_TOP.v:61]
WARNING: [Synth 8-3295] tying undriven pin u2:DATA2[3] to constant 0 [D:/MyWork/audio_effects/audio_effects.srcs/sources_1/new/AUDIO_FX_TOP.v:61]
WARNING: [Synth 8-3295] tying undriven pin u2:DATA2[2] to constant 0 [D:/MyWork/audio_effects/audio_effects.srcs/sources_1/new/AUDIO_FX_TOP.v:61]
WARNING: [Synth 8-3295] tying undriven pin u2:DATA2[1] to constant 0 [D:/MyWork/audio_effects/audio_effects.srcs/sources_1/new/AUDIO_FX_TOP.v:61]
WARNING: [Synth 8-3295] tying undriven pin u2:DATA2[0] to constant 0 [D:/MyWork/audio_effects/audio_effects.srcs/sources_1/new/AUDIO_FX_TOP.v:61]
---------------------------------------------------------------------------------
Finished RTL Optimization Phase 1 : Time (s): cpu = 00:04:13 ; elapsed = 01:43:29 . Memory (MB): peak = 1326.941 ; gain = 1118.980
---------------------------------------------------------------------------------
INFO: [Project 1-570] Preparing netlist for logic optimization

Processing XDC Constraints
Initializing timing engine
Parsing XDC File [D:/MyWork/audio_effects/audio_effects.srcs/constrs_1/imports/Learn/Basys3_Master.xdc]
Finished Parsing XDC File [D:/MyWork/audio_effects/audio_effects.srcs/constrs_1/imports/Learn/Basys3_Master.xdc]
Completed Processing XDC Constraints

INFO: [Opt 31-138] Pushed 0 inverter(s) to 0 load pin(s).
refresh_design: Time (s): cpu = 00:00:10 ; elapsed = 00:00:09 . Memory (MB): peak = 1326.941 ; gain = 0.000
reset_run synth_1
launch_runs impl_1 -to_step write_bitstream
[Tue Oct 17 11:19:56 2017] Launched synth_1...
Run output will be captured here: D:/MyWork/audio_effects/audio_effects.runs/synth_1/runme.log
[Tue Oct 17 11:19:56 2017] Launched impl_1...
Run output will be captured here: D:/MyWork/audio_effects/audio_effects.runs/impl_1/runme.log
set_property PROBES.FILE {} [lindex [get_hw_devices] 0]
set_property PROGRAM.FILE {D:/MyWork/audio_effects/audio_effects.runs/impl_1/AUDIO_FX_TOP.bit} [lindex [get_hw_devices] 0]
program_hw_devices [lindex [get_hw_devices] 0]
INFO: [Labtools 27-3164] End of startup status: HIGH
refresh_hw_device [lindex [get_hw_devices] 0]
INFO: [Labtools 27-1434] Device xc7a35t (JTAG device index = 0) is programmed with a design that has no supported debug core(s) in it.
WARNING: [Labtools 27-3123] The debug hub core was not detected at User Scan Chain 1 or 3.
Resolution: 
1. Make sure the clock connected to the debug hub (dbg_hub) core is a free running clock and is active OR
2. Manually launch hw_server with -e "set xsdb-user-bscan <C_USER_SCAN_CHAIN scan_chain_number>" to detect the debug hub at User Scan Chain of 2 or 4. To determine the user scan chain setting, open the implemented design and use: get_property C_USER_SCAN_CHAIN [get_debug_cores dbg_hub].
refresh_design
---------------------------------------------------------------------------------
Starting RTL Elaboration : Time (s): cpu = 00:04:31 ; elapsed = 01:47:52 . Memory (MB): peak = 1326.941 ; gain = 1118.980
---------------------------------------------------------------------------------
INFO: [Synth 8-638] synthesizing module 'AUDIO_FX_TOP' [D:/MyWork/audio_effects/audio_effects.srcs/sources_1/new/AUDIO_FX_TOP.v:14]
INFO: [Synth 8-638] synthesizing module 'create_clk_20k' [D:/MyWork/audio_effects/audio_effects.srcs/sources_1/new/create_clk_20k.v:23]
INFO: [Synth 8-256] done synthesizing module 'create_clk_20k' (1#1) [D:/MyWork/audio_effects/audio_effects.srcs/sources_1/new/create_clk_20k.v:23]
INFO: [Synth 8-638] synthesizing module 'create_clk_50M' [D:/MyWork/audio_effects/audio_effects.srcs/sources_1/new/create_clk_50M.v:23]
INFO: [Synth 8-256] done synthesizing module 'create_clk_50M' (2#1) [D:/MyWork/audio_effects/audio_effects.srcs/sources_1/new/create_clk_50M.v:23]
INFO: [Synth 8-638] synthesizing module 'create_tone' [D:/MyWork/audio_effects/audio_effects.srcs/sources_1/new/create_tone.v:23]
INFO: [Synth 8-256] done synthesizing module 'create_tone' (3#1) [D:/MyWork/audio_effects/audio_effects.srcs/sources_1/new/create_tone.v:23]
WARNING: [Synth 8-689] width (12) of port connection 'Tone_Freq' does not match port width (1) of module 'create_tone' [D:/MyWork/audio_effects/audio_effects.srcs/sources_1/new/AUDIO_FX_TOP.v:42]
INFO: [Synth 8-638] synthesizing module 'DA2RefComp' [D:/MyWork/audio_effects/audio_effects.srcs/sources_1/imports/audio_effects.srcs/DA2CompRef.vhd:59]
INFO: [Synth 8-256] done synthesizing module 'DA2RefComp' (4#1) [D:/MyWork/audio_effects/audio_effects.srcs/sources_1/imports/audio_effects.srcs/DA2CompRef.vhd:59]
WARNING: [Synth 8-3848] Net J_MIC3_Pin1 in module/entity AUDIO_FX_TOP does not have driver. [D:/MyWork/audio_effects/audio_effects.srcs/sources_1/new/AUDIO_FX_TOP.v:21]
WARNING: [Synth 8-3848] Net J_MIC3_Pin4 in module/entity AUDIO_FX_TOP does not have driver. [D:/MyWork/audio_effects/audio_effects.srcs/sources_1/new/AUDIO_FX_TOP.v:22]
INFO: [Synth 8-256] done synthesizing module 'AUDIO_FX_TOP' (5#1) [D:/MyWork/audio_effects/audio_effects.srcs/sources_1/new/AUDIO_FX_TOP.v:14]
WARNING: [Synth 8-3331] design AUDIO_FX_TOP has unconnected port J_MIC3_Pin1
WARNING: [Synth 8-3331] design AUDIO_FX_TOP has unconnected port J_MIC3_Pin4
WARNING: [Synth 8-3331] design AUDIO_FX_TOP has unconnected port J_MIC3_Pin3
---------------------------------------------------------------------------------
Finished RTL Elaboration : Time (s): cpu = 00:04:31 ; elapsed = 01:47:53 . Memory (MB): peak = 1326.941 ; gain = 1118.980
---------------------------------------------------------------------------------

Report Check Netlist: 
+------+------------------+-------+---------+-------+------------------+
|      |Item              |Errors |Warnings |Status |Description       |
+------+------------------+-------+---------+-------+------------------+
|1     |multi_driven_nets |      0|        0|Passed |Multi driven nets |
+------+------------------+-------+---------+-------+------------------+
WARNING: [Synth 8-3295] tying undriven pin u2:DATA2[11] to constant 0 [D:/MyWork/audio_effects/audio_effects.srcs/sources_1/new/AUDIO_FX_TOP.v:61]
WARNING: [Synth 8-3295] tying undriven pin u2:DATA2[10] to constant 0 [D:/MyWork/audio_effects/audio_effects.srcs/sources_1/new/AUDIO_FX_TOP.v:61]
WARNING: [Synth 8-3295] tying undriven pin u2:DATA2[9] to constant 0 [D:/MyWork/audio_effects/audio_effects.srcs/sources_1/new/AUDIO_FX_TOP.v:61]
WARNING: [Synth 8-3295] tying undriven pin u2:DATA2[8] to constant 0 [D:/MyWork/audio_effects/audio_effects.srcs/sources_1/new/AUDIO_FX_TOP.v:61]
WARNING: [Synth 8-3295] tying undriven pin u2:DATA2[7] to constant 0 [D:/MyWork/audio_effects/audio_effects.srcs/sources_1/new/AUDIO_FX_TOP.v:61]
WARNING: [Synth 8-3295] tying undriven pin u2:DATA2[6] to constant 0 [D:/MyWork/audio_effects/audio_effects.srcs/sources_1/new/AUDIO_FX_TOP.v:61]
WARNING: [Synth 8-3295] tying undriven pin u2:DATA2[5] to constant 0 [D:/MyWork/audio_effects/audio_effects.srcs/sources_1/new/AUDIO_FX_TOP.v:61]
WARNING: [Synth 8-3295] tying undriven pin u2:DATA2[4] to constant 0 [D:/MyWork/audio_effects/audio_effects.srcs/sources_1/new/AUDIO_FX_TOP.v:61]
WARNING: [Synth 8-3295] tying undriven pin u2:DATA2[3] to constant 0 [D:/MyWork/audio_effects/audio_effects.srcs/sources_1/new/AUDIO_FX_TOP.v:61]
WARNING: [Synth 8-3295] tying undriven pin u2:DATA2[2] to constant 0 [D:/MyWork/audio_effects/audio_effects.srcs/sources_1/new/AUDIO_FX_TOP.v:61]
WARNING: [Synth 8-3295] tying undriven pin u2:DATA2[1] to constant 0 [D:/MyWork/audio_effects/audio_effects.srcs/sources_1/new/AUDIO_FX_TOP.v:61]
WARNING: [Synth 8-3295] tying undriven pin u2:DATA2[0] to constant 0 [D:/MyWork/audio_effects/audio_effects.srcs/sources_1/new/AUDIO_FX_TOP.v:61]
---------------------------------------------------------------------------------
Finished RTL Optimization Phase 1 : Time (s): cpu = 00:04:31 ; elapsed = 01:47:53 . Memory (MB): peak = 1326.941 ; gain = 1118.980
---------------------------------------------------------------------------------
INFO: [Project 1-570] Preparing netlist for logic optimization

Processing XDC Constraints
Initializing timing engine
Parsing XDC File [D:/MyWork/audio_effects/audio_effects.srcs/constrs_1/imports/Learn/Basys3_Master.xdc]
Finished Parsing XDC File [D:/MyWork/audio_effects/audio_effects.srcs/constrs_1/imports/Learn/Basys3_Master.xdc]
Completed Processing XDC Constraints

INFO: [Opt 31-138] Pushed 0 inverter(s) to 0 load pin(s).
refresh_design: Time (s): cpu = 00:00:10 ; elapsed = 00:00:09 . Memory (MB): peak = 1326.941 ; gain = 0.000
reset_run synth_1
launch_runs impl_1 -to_step write_bitstream
[Tue Oct 17 11:24:18 2017] Launched synth_1...
Run output will be captured here: D:/MyWork/audio_effects/audio_effects.runs/synth_1/runme.log
[Tue Oct 17 11:24:18 2017] Launched impl_1...
Run output will be captured here: D:/MyWork/audio_effects/audio_effects.runs/impl_1/runme.log
set_property PROBES.FILE {} [lindex [get_hw_devices] 0]
set_property PROGRAM.FILE {D:/MyWork/audio_effects/audio_effects.runs/impl_1/AUDIO_FX_TOP.bit} [lindex [get_hw_devices] 0]
program_hw_devices [lindex [get_hw_devices] 0]
INFO: [Labtools 27-3164] End of startup status: HIGH
refresh_hw_device [lindex [get_hw_devices] 0]
INFO: [Labtools 27-1434] Device xc7a35t (JTAG device index = 0) is programmed with a design that has no supported debug core(s) in it.
WARNING: [Labtools 27-3123] The debug hub core was not detected at User Scan Chain 1 or 3.
Resolution: 
1. Make sure the clock connected to the debug hub (dbg_hub) core is a free running clock and is active OR
2. Manually launch hw_server with -e "set xsdb-user-bscan <C_USER_SCAN_CHAIN scan_chain_number>" to detect the debug hub at User Scan Chain of 2 or 4. To determine the user scan chain setting, open the implemented design and use: get_property C_USER_SCAN_CHAIN [get_debug_cores dbg_hub].
set_property PROBES.FILE {} [lindex [get_hw_devices] 0]
set_property PROGRAM.FILE {D:/MyWork/audio_effects/audio_effects.runs/impl_1/AUDIO_FX_TOP.bit} [lindex [get_hw_devices] 0]
program_hw_devices [lindex [get_hw_devices] 0]
INFO: [Labtools 27-3164] End of startup status: HIGH
refresh_hw_device [lindex [get_hw_devices] 0]
INFO: [Labtools 27-1434] Device xc7a35t (JTAG device index = 0) is programmed with a design that has no supported debug core(s) in it.
WARNING: [Labtools 27-3123] The debug hub core was not detected at User Scan Chain 1 or 3.
Resolution: 
1. Make sure the clock connected to the debug hub (dbg_hub) core is a free running clock and is active OR
2. Manually launch hw_server with -e "set xsdb-user-bscan <C_USER_SCAN_CHAIN scan_chain_number>" to detect the debug hub at User Scan Chain of 2 or 4. To determine the user scan chain setting, open the implemented design and use: get_property C_USER_SCAN_CHAIN [get_debug_cores dbg_hub].
refresh_design
---------------------------------------------------------------------------------
Starting RTL Elaboration : Time (s): cpu = 00:04:51 ; elapsed = 01:53:16 . Memory (MB): peak = 1326.941 ; gain = 1118.980
---------------------------------------------------------------------------------
INFO: [Synth 8-638] synthesizing module 'AUDIO_FX_TOP' [D:/MyWork/audio_effects/audio_effects.srcs/sources_1/new/AUDIO_FX_TOP.v:14]
INFO: [Synth 8-638] synthesizing module 'create_clk_20k' [D:/MyWork/audio_effects/audio_effects.srcs/sources_1/new/create_clk_20k.v:23]
INFO: [Synth 8-256] done synthesizing module 'create_clk_20k' (1#1) [D:/MyWork/audio_effects/audio_effects.srcs/sources_1/new/create_clk_20k.v:23]
INFO: [Synth 8-638] synthesizing module 'create_clk_50M' [D:/MyWork/audio_effects/audio_effects.srcs/sources_1/new/create_clk_50M.v:23]
INFO: [Synth 8-256] done synthesizing module 'create_clk_50M' (2#1) [D:/MyWork/audio_effects/audio_effects.srcs/sources_1/new/create_clk_50M.v:23]
INFO: [Synth 8-638] synthesizing module 'create_tone' [D:/MyWork/audio_effects/audio_effects.srcs/sources_1/new/create_tone.v:23]
INFO: [Synth 8-256] done synthesizing module 'create_tone' (3#1) [D:/MyWork/audio_effects/audio_effects.srcs/sources_1/new/create_tone.v:23]
WARNING: [Synth 8-689] width (12) of port connection 'Tone_Freq' does not match port width (1) of module 'create_tone' [D:/MyWork/audio_effects/audio_effects.srcs/sources_1/new/AUDIO_FX_TOP.v:42]
INFO: [Synth 8-638] synthesizing module 'DA2RefComp' [D:/MyWork/audio_effects/audio_effects.srcs/sources_1/imports/audio_effects.srcs/DA2CompRef.vhd:59]
INFO: [Synth 8-256] done synthesizing module 'DA2RefComp' (4#1) [D:/MyWork/audio_effects/audio_effects.srcs/sources_1/imports/audio_effects.srcs/DA2CompRef.vhd:59]
WARNING: [Synth 8-3848] Net J_MIC3_Pin1 in module/entity AUDIO_FX_TOP does not have driver. [D:/MyWork/audio_effects/audio_effects.srcs/sources_1/new/AUDIO_FX_TOP.v:21]
WARNING: [Synth 8-3848] Net J_MIC3_Pin4 in module/entity AUDIO_FX_TOP does not have driver. [D:/MyWork/audio_effects/audio_effects.srcs/sources_1/new/AUDIO_FX_TOP.v:22]
INFO: [Synth 8-256] done synthesizing module 'AUDIO_FX_TOP' (5#1) [D:/MyWork/audio_effects/audio_effects.srcs/sources_1/new/AUDIO_FX_TOP.v:14]
WARNING: [Synth 8-3331] design AUDIO_FX_TOP has unconnected port J_MIC3_Pin1
WARNING: [Synth 8-3331] design AUDIO_FX_TOP has unconnected port J_MIC3_Pin4
WARNING: [Synth 8-3331] design AUDIO_FX_TOP has unconnected port J_MIC3_Pin3
---------------------------------------------------------------------------------
Finished RTL Elaboration : Time (s): cpu = 00:04:52 ; elapsed = 01:53:16 . Memory (MB): peak = 1326.941 ; gain = 1118.980
---------------------------------------------------------------------------------

Report Check Netlist: 
+------+------------------+-------+---------+-------+------------------+
|      |Item              |Errors |Warnings |Status |Description       |
+------+------------------+-------+---------+-------+------------------+
|1     |multi_driven_nets |      0|        0|Passed |Multi driven nets |
+------+------------------+-------+---------+-------+------------------+
WARNING: [Synth 8-3295] tying undriven pin u2:DATA2[11] to constant 0 [D:/MyWork/audio_effects/audio_effects.srcs/sources_1/new/AUDIO_FX_TOP.v:61]
WARNING: [Synth 8-3295] tying undriven pin u2:DATA2[10] to constant 0 [D:/MyWork/audio_effects/audio_effects.srcs/sources_1/new/AUDIO_FX_TOP.v:61]
WARNING: [Synth 8-3295] tying undriven pin u2:DATA2[9] to constant 0 [D:/MyWork/audio_effects/audio_effects.srcs/sources_1/new/AUDIO_FX_TOP.v:61]
WARNING: [Synth 8-3295] tying undriven pin u2:DATA2[8] to constant 0 [D:/MyWork/audio_effects/audio_effects.srcs/sources_1/new/AUDIO_FX_TOP.v:61]
WARNING: [Synth 8-3295] tying undriven pin u2:DATA2[7] to constant 0 [D:/MyWork/audio_effects/audio_effects.srcs/sources_1/new/AUDIO_FX_TOP.v:61]
WARNING: [Synth 8-3295] tying undriven pin u2:DATA2[6] to constant 0 [D:/MyWork/audio_effects/audio_effects.srcs/sources_1/new/AUDIO_FX_TOP.v:61]
WARNING: [Synth 8-3295] tying undriven pin u2:DATA2[5] to constant 0 [D:/MyWork/audio_effects/audio_effects.srcs/sources_1/new/AUDIO_FX_TOP.v:61]
WARNING: [Synth 8-3295] tying undriven pin u2:DATA2[4] to constant 0 [D:/MyWork/audio_effects/audio_effects.srcs/sources_1/new/AUDIO_FX_TOP.v:61]
WARNING: [Synth 8-3295] tying undriven pin u2:DATA2[3] to constant 0 [D:/MyWork/audio_effects/audio_effects.srcs/sources_1/new/AUDIO_FX_TOP.v:61]
WARNING: [Synth 8-3295] tying undriven pin u2:DATA2[2] to constant 0 [D:/MyWork/audio_effects/audio_effects.srcs/sources_1/new/AUDIO_FX_TOP.v:61]
WARNING: [Synth 8-3295] tying undriven pin u2:DATA2[1] to constant 0 [D:/MyWork/audio_effects/audio_effects.srcs/sources_1/new/AUDIO_FX_TOP.v:61]
WARNING: [Synth 8-3295] tying undriven pin u2:DATA2[0] to constant 0 [D:/MyWork/audio_effects/audio_effects.srcs/sources_1/new/AUDIO_FX_TOP.v:61]
---------------------------------------------------------------------------------
Finished RTL Optimization Phase 1 : Time (s): cpu = 00:04:52 ; elapsed = 01:53:17 . Memory (MB): peak = 1326.941 ; gain = 1118.980
---------------------------------------------------------------------------------
INFO: [Project 1-570] Preparing netlist for logic optimization

Processing XDC Constraints
Initializing timing engine
Parsing XDC File [D:/MyWork/audio_effects/audio_effects.srcs/constrs_1/imports/Learn/Basys3_Master.xdc]
Finished Parsing XDC File [D:/MyWork/audio_effects/audio_effects.srcs/constrs_1/imports/Learn/Basys3_Master.xdc]
Completed Processing XDC Constraints

INFO: [Opt 31-138] Pushed 0 inverter(s) to 0 load pin(s).
refresh_design: Time (s): cpu = 00:00:09 ; elapsed = 00:00:09 . Memory (MB): peak = 1333.750 ; gain = 6.809
reset_run synth_1
launch_runs impl_1 -to_step write_bitstream
[Tue Oct 17 11:29:42 2017] Launched synth_1...
Run output will be captured here: D:/MyWork/audio_effects/audio_effects.runs/synth_1/runme.log
[Tue Oct 17 11:29:42 2017] Launched impl_1...
Run output will be captured here: D:/MyWork/audio_effects/audio_effects.runs/impl_1/runme.log
set_property PROBES.FILE {} [lindex [get_hw_devices] 0]
set_property PROGRAM.FILE {D:/MyWork/audio_effects/audio_effects.runs/impl_1/AUDIO_FX_TOP.bit} [lindex [get_hw_devices] 0]
program_hw_devices [lindex [get_hw_devices] 0]
INFO: [Labtools 27-3164] End of startup status: HIGH
refresh_hw_device [lindex [get_hw_devices] 0]
INFO: [Labtools 27-1434] Device xc7a35t (JTAG device index = 0) is programmed with a design that has no supported debug core(s) in it.
WARNING: [Labtools 27-3123] The debug hub core was not detected at User Scan Chain 1 or 3.
Resolution: 
1. Make sure the clock connected to the debug hub (dbg_hub) core is a free running clock and is active OR
2. Manually launch hw_server with -e "set xsdb-user-bscan <C_USER_SCAN_CHAIN scan_chain_number>" to detect the debug hub at User Scan Chain of 2 or 4. To determine the user scan chain setting, open the implemented design and use: get_property C_USER_SCAN_CHAIN [get_debug_cores dbg_hub].
refresh_design
---------------------------------------------------------------------------------
Starting RTL Elaboration : Time (s): cpu = 00:05:11 ; elapsed = 02:03:57 . Memory (MB): peak = 1333.750 ; gain = 1125.789
---------------------------------------------------------------------------------
INFO: [Synth 8-638] synthesizing module 'AUDIO_FX_TOP' [D:/MyWork/audio_effects/audio_effects.srcs/sources_1/new/AUDIO_FX_TOP.v:14]
INFO: [Synth 8-638] synthesizing module 'create_clk_20k' [D:/MyWork/audio_effects/audio_effects.srcs/sources_1/new/create_clk_20k.v:23]
INFO: [Synth 8-256] done synthesizing module 'create_clk_20k' (1#1) [D:/MyWork/audio_effects/audio_effects.srcs/sources_1/new/create_clk_20k.v:23]
INFO: [Synth 8-638] synthesizing module 'create_clk_50M' [D:/MyWork/audio_effects/audio_effects.srcs/sources_1/new/create_clk_50M.v:23]
INFO: [Synth 8-256] done synthesizing module 'create_clk_50M' (2#1) [D:/MyWork/audio_effects/audio_effects.srcs/sources_1/new/create_clk_50M.v:23]
INFO: [Synth 8-638] synthesizing module 'create_tone' [D:/MyWork/audio_effects/audio_effects.srcs/sources_1/new/create_tone.v:23]
INFO: [Synth 8-256] done synthesizing module 'create_tone' (3#1) [D:/MyWork/audio_effects/audio_effects.srcs/sources_1/new/create_tone.v:23]
WARNING: [Synth 8-689] width (12) of port connection 'Tone_Freq' does not match port width (1) of module 'create_tone' [D:/MyWork/audio_effects/audio_effects.srcs/sources_1/new/AUDIO_FX_TOP.v:42]
INFO: [Synth 8-638] synthesizing module 'DA2RefComp' [D:/MyWork/audio_effects/audio_effects.srcs/sources_1/imports/audio_effects.srcs/DA2CompRef.vhd:59]
INFO: [Synth 8-256] done synthesizing module 'DA2RefComp' (4#1) [D:/MyWork/audio_effects/audio_effects.srcs/sources_1/imports/audio_effects.srcs/DA2CompRef.vhd:59]
WARNING: [Synth 8-3848] Net J_MIC3_Pin1 in module/entity AUDIO_FX_TOP does not have driver. [D:/MyWork/audio_effects/audio_effects.srcs/sources_1/new/AUDIO_FX_TOP.v:21]
WARNING: [Synth 8-3848] Net J_MIC3_Pin4 in module/entity AUDIO_FX_TOP does not have driver. [D:/MyWork/audio_effects/audio_effects.srcs/sources_1/new/AUDIO_FX_TOP.v:22]
INFO: [Synth 8-256] done synthesizing module 'AUDIO_FX_TOP' (5#1) [D:/MyWork/audio_effects/audio_effects.srcs/sources_1/new/AUDIO_FX_TOP.v:14]
WARNING: [Synth 8-3331] design AUDIO_FX_TOP has unconnected port J_MIC3_Pin1
WARNING: [Synth 8-3331] design AUDIO_FX_TOP has unconnected port J_MIC3_Pin4
WARNING: [Synth 8-3331] design AUDIO_FX_TOP has unconnected port J_MIC3_Pin3
---------------------------------------------------------------------------------
Finished RTL Elaboration : Time (s): cpu = 00:05:12 ; elapsed = 02:03:58 . Memory (MB): peak = 1333.750 ; gain = 1125.789
---------------------------------------------------------------------------------

Report Check Netlist: 
+------+------------------+-------+---------+-------+------------------+
|      |Item              |Errors |Warnings |Status |Description       |
+------+------------------+-------+---------+-------+------------------+
|1     |multi_driven_nets |      0|        0|Passed |Multi driven nets |
+------+------------------+-------+---------+-------+------------------+
WARNING: [Synth 8-3295] tying undriven pin u2:DATA2[11] to constant 0 [D:/MyWork/audio_effects/audio_effects.srcs/sources_1/new/AUDIO_FX_TOP.v:61]
WARNING: [Synth 8-3295] tying undriven pin u2:DATA2[10] to constant 0 [D:/MyWork/audio_effects/audio_effects.srcs/sources_1/new/AUDIO_FX_TOP.v:61]
WARNING: [Synth 8-3295] tying undriven pin u2:DATA2[9] to constant 0 [D:/MyWork/audio_effects/audio_effects.srcs/sources_1/new/AUDIO_FX_TOP.v:61]
WARNING: [Synth 8-3295] tying undriven pin u2:DATA2[8] to constant 0 [D:/MyWork/audio_effects/audio_effects.srcs/sources_1/new/AUDIO_FX_TOP.v:61]
WARNING: [Synth 8-3295] tying undriven pin u2:DATA2[7] to constant 0 [D:/MyWork/audio_effects/audio_effects.srcs/sources_1/new/AUDIO_FX_TOP.v:61]
WARNING: [Synth 8-3295] tying undriven pin u2:DATA2[6] to constant 0 [D:/MyWork/audio_effects/audio_effects.srcs/sources_1/new/AUDIO_FX_TOP.v:61]
WARNING: [Synth 8-3295] tying undriven pin u2:DATA2[5] to constant 0 [D:/MyWork/audio_effects/audio_effects.srcs/sources_1/new/AUDIO_FX_TOP.v:61]
WARNING: [Synth 8-3295] tying undriven pin u2:DATA2[4] to constant 0 [D:/MyWork/audio_effects/audio_effects.srcs/sources_1/new/AUDIO_FX_TOP.v:61]
WARNING: [Synth 8-3295] tying undriven pin u2:DATA2[3] to constant 0 [D:/MyWork/audio_effects/audio_effects.srcs/sources_1/new/AUDIO_FX_TOP.v:61]
WARNING: [Synth 8-3295] tying undriven pin u2:DATA2[2] to constant 0 [D:/MyWork/audio_effects/audio_effects.srcs/sources_1/new/AUDIO_FX_TOP.v:61]
WARNING: [Synth 8-3295] tying undriven pin u2:DATA2[1] to constant 0 [D:/MyWork/audio_effects/audio_effects.srcs/sources_1/new/AUDIO_FX_TOP.v:61]
WARNING: [Synth 8-3295] tying undriven pin u2:DATA2[0] to constant 0 [D:/MyWork/audio_effects/audio_effects.srcs/sources_1/new/AUDIO_FX_TOP.v:61]
---------------------------------------------------------------------------------
Finished RTL Optimization Phase 1 : Time (s): cpu = 00:05:12 ; elapsed = 02:03:58 . Memory (MB): peak = 1333.750 ; gain = 1125.789
---------------------------------------------------------------------------------
INFO: [Project 1-570] Preparing netlist for logic optimization

Processing XDC Constraints
Initializing timing engine
Parsing XDC File [D:/MyWork/audio_effects/audio_effects.srcs/constrs_1/imports/Learn/Basys3_Master.xdc]
Finished Parsing XDC File [D:/MyWork/audio_effects/audio_effects.srcs/constrs_1/imports/Learn/Basys3_Master.xdc]
Completed Processing XDC Constraints

INFO: [Opt 31-138] Pushed 0 inverter(s) to 0 load pin(s).
refresh_design: Time (s): cpu = 00:00:10 ; elapsed = 00:00:09 . Memory (MB): peak = 1337.066 ; gain = 3.316
reset_run synth_1
launch_runs impl_1 -to_step write_bitstream
[Tue Oct 17 11:40:24 2017] Launched synth_1...
Run output will be captured here: D:/MyWork/audio_effects/audio_effects.runs/synth_1/runme.log
[Tue Oct 17 11:40:24 2017] Launched impl_1...
Run output will be captured here: D:/MyWork/audio_effects/audio_effects.runs/impl_1/runme.log
set_property PROBES.FILE {} [lindex [get_hw_devices] 0]
set_property PROGRAM.FILE {D:/MyWork/audio_effects/audio_effects.runs/impl_1/AUDIO_FX_TOP.bit} [lindex [get_hw_devices] 0]
program_hw_devices [lindex [get_hw_devices] 0]
INFO: [Labtools 27-3164] End of startup status: HIGH
refresh_hw_device [lindex [get_hw_devices] 0]
INFO: [Labtools 27-1434] Device xc7a35t (JTAG device index = 0) is programmed with a design that has no supported debug core(s) in it.
WARNING: [Labtools 27-3123] The debug hub core was not detected at User Scan Chain 1 or 3.
Resolution: 
1. Make sure the clock connected to the debug hub (dbg_hub) core is a free running clock and is active OR
2. Manually launch hw_server with -e "set xsdb-user-bscan <C_USER_SCAN_CHAIN scan_chain_number>" to detect the debug hub at User Scan Chain of 2 or 4. To determine the user scan chain setting, open the implemented design and use: get_property C_USER_SCAN_CHAIN [get_debug_cores dbg_hub].
refresh_design
---------------------------------------------------------------------------------
Starting RTL Elaboration : Time (s): cpu = 00:05:30 ; elapsed = 02:09:17 . Memory (MB): peak = 1337.066 ; gain = 1129.105
---------------------------------------------------------------------------------
INFO: [Synth 8-638] synthesizing module 'AUDIO_FX_TOP' [D:/MyWork/audio_effects/audio_effects.srcs/sources_1/new/AUDIO_FX_TOP.v:14]
INFO: [Synth 8-638] synthesizing module 'create_clk_20k' [D:/MyWork/audio_effects/audio_effects.srcs/sources_1/new/create_clk_20k.v:23]
INFO: [Synth 8-256] done synthesizing module 'create_clk_20k' (1#1) [D:/MyWork/audio_effects/audio_effects.srcs/sources_1/new/create_clk_20k.v:23]
INFO: [Synth 8-638] synthesizing module 'create_clk_50M' [D:/MyWork/audio_effects/audio_effects.srcs/sources_1/new/create_clk_50M.v:23]
INFO: [Synth 8-256] done synthesizing module 'create_clk_50M' (2#1) [D:/MyWork/audio_effects/audio_effects.srcs/sources_1/new/create_clk_50M.v:23]
INFO: [Synth 8-638] synthesizing module 'create_tone' [D:/MyWork/audio_effects/audio_effects.srcs/sources_1/new/create_tone.v:23]
INFO: [Synth 8-256] done synthesizing module 'create_tone' (3#1) [D:/MyWork/audio_effects/audio_effects.srcs/sources_1/new/create_tone.v:23]
WARNING: [Synth 8-689] width (12) of port connection 'Tone_Freq' does not match port width (1) of module 'create_tone' [D:/MyWork/audio_effects/audio_effects.srcs/sources_1/new/AUDIO_FX_TOP.v:42]
INFO: [Synth 8-638] synthesizing module 'DA2RefComp' [D:/MyWork/audio_effects/audio_effects.srcs/sources_1/imports/audio_effects.srcs/DA2CompRef.vhd:59]
INFO: [Synth 8-256] done synthesizing module 'DA2RefComp' (4#1) [D:/MyWork/audio_effects/audio_effects.srcs/sources_1/imports/audio_effects.srcs/DA2CompRef.vhd:59]
WARNING: [Synth 8-3848] Net J_MIC3_Pin1 in module/entity AUDIO_FX_TOP does not have driver. [D:/MyWork/audio_effects/audio_effects.srcs/sources_1/new/AUDIO_FX_TOP.v:21]
WARNING: [Synth 8-3848] Net J_MIC3_Pin4 in module/entity AUDIO_FX_TOP does not have driver. [D:/MyWork/audio_effects/audio_effects.srcs/sources_1/new/AUDIO_FX_TOP.v:22]
INFO: [Synth 8-256] done synthesizing module 'AUDIO_FX_TOP' (5#1) [D:/MyWork/audio_effects/audio_effects.srcs/sources_1/new/AUDIO_FX_TOP.v:14]
WARNING: [Synth 8-3331] design AUDIO_FX_TOP has unconnected port J_MIC3_Pin1
WARNING: [Synth 8-3331] design AUDIO_FX_TOP has unconnected port J_MIC3_Pin4
WARNING: [Synth 8-3331] design AUDIO_FX_TOP has unconnected port J_MIC3_Pin3
---------------------------------------------------------------------------------
Finished RTL Elaboration : Time (s): cpu = 00:05:30 ; elapsed = 02:09:17 . Memory (MB): peak = 1337.066 ; gain = 1129.105
---------------------------------------------------------------------------------

Report Check Netlist: 
+------+------------------+-------+---------+-------+------------------+
|      |Item              |Errors |Warnings |Status |Description       |
+------+------------------+-------+---------+-------+------------------+
|1     |multi_driven_nets |      0|        0|Passed |Multi driven nets |
+------+------------------+-------+---------+-------+------------------+
WARNING: [Synth 8-3295] tying undriven pin u2:DATA2[11] to constant 0 [D:/MyWork/audio_effects/audio_effects.srcs/sources_1/new/AUDIO_FX_TOP.v:61]
WARNING: [Synth 8-3295] tying undriven pin u2:DATA2[10] to constant 0 [D:/MyWork/audio_effects/audio_effects.srcs/sources_1/new/AUDIO_FX_TOP.v:61]
WARNING: [Synth 8-3295] tying undriven pin u2:DATA2[9] to constant 0 [D:/MyWork/audio_effects/audio_effects.srcs/sources_1/new/AUDIO_FX_TOP.v:61]
WARNING: [Synth 8-3295] tying undriven pin u2:DATA2[8] to constant 0 [D:/MyWork/audio_effects/audio_effects.srcs/sources_1/new/AUDIO_FX_TOP.v:61]
WARNING: [Synth 8-3295] tying undriven pin u2:DATA2[7] to constant 0 [D:/MyWork/audio_effects/audio_effects.srcs/sources_1/new/AUDIO_FX_TOP.v:61]
WARNING: [Synth 8-3295] tying undriven pin u2:DATA2[6] to constant 0 [D:/MyWork/audio_effects/audio_effects.srcs/sources_1/new/AUDIO_FX_TOP.v:61]
WARNING: [Synth 8-3295] tying undriven pin u2:DATA2[5] to constant 0 [D:/MyWork/audio_effects/audio_effects.srcs/sources_1/new/AUDIO_FX_TOP.v:61]
WARNING: [Synth 8-3295] tying undriven pin u2:DATA2[4] to constant 0 [D:/MyWork/audio_effects/audio_effects.srcs/sources_1/new/AUDIO_FX_TOP.v:61]
WARNING: [Synth 8-3295] tying undriven pin u2:DATA2[3] to constant 0 [D:/MyWork/audio_effects/audio_effects.srcs/sources_1/new/AUDIO_FX_TOP.v:61]
WARNING: [Synth 8-3295] tying undriven pin u2:DATA2[2] to constant 0 [D:/MyWork/audio_effects/audio_effects.srcs/sources_1/new/AUDIO_FX_TOP.v:61]
WARNING: [Synth 8-3295] tying undriven pin u2:DATA2[1] to constant 0 [D:/MyWork/audio_effects/audio_effects.srcs/sources_1/new/AUDIO_FX_TOP.v:61]
WARNING: [Synth 8-3295] tying undriven pin u2:DATA2[0] to constant 0 [D:/MyWork/audio_effects/audio_effects.srcs/sources_1/new/AUDIO_FX_TOP.v:61]
---------------------------------------------------------------------------------
Finished RTL Optimization Phase 1 : Time (s): cpu = 00:05:30 ; elapsed = 02:09:17 . Memory (MB): peak = 1337.066 ; gain = 1129.105
---------------------------------------------------------------------------------
INFO: [Project 1-570] Preparing netlist for logic optimization

Processing XDC Constraints
Initializing timing engine
Parsing XDC File [D:/MyWork/audio_effects/audio_effects.srcs/constrs_1/imports/Learn/Basys3_Master.xdc]
Finished Parsing XDC File [D:/MyWork/audio_effects/audio_effects.srcs/constrs_1/imports/Learn/Basys3_Master.xdc]
Completed Processing XDC Constraints

INFO: [Opt 31-138] Pushed 0 inverter(s) to 0 load pin(s).
refresh_design: Time (s): cpu = 00:00:10 ; elapsed = 00:00:10 . Memory (MB): peak = 1337.066 ; gain = 0.000
reset_run synth_1
launch_runs impl_1 -to_step write_bitstream
[Tue Oct 17 11:45:43 2017] Launched synth_1...
Run output will be captured here: D:/MyWork/audio_effects/audio_effects.runs/synth_1/runme.log
[Tue Oct 17 11:45:43 2017] Launched impl_1...
Run output will be captured here: D:/MyWork/audio_effects/audio_effects.runs/impl_1/runme.log
set_property PROBES.FILE {} [lindex [get_hw_devices] 0]
set_property PROGRAM.FILE {D:/MyWork/audio_effects/audio_effects.runs/impl_1/AUDIO_FX_TOP.bit} [lindex [get_hw_devices] 0]
program_hw_devices [lindex [get_hw_devices] 0]
INFO: [Labtools 27-3164] End of startup status: HIGH
refresh_hw_device [lindex [get_hw_devices] 0]
INFO: [Labtools 27-1434] Device xc7a35t (JTAG device index = 0) is programmed with a design that has no supported debug core(s) in it.
WARNING: [Labtools 27-3123] The debug hub core was not detected at User Scan Chain 1 or 3.
Resolution: 
1. Make sure the clock connected to the debug hub (dbg_hub) core is a free running clock and is active OR
2. Manually launch hw_server with -e "set xsdb-user-bscan <C_USER_SCAN_CHAIN scan_chain_number>" to detect the debug hub at User Scan Chain of 2 or 4. To determine the user scan chain setting, open the implemented design and use: get_property C_USER_SCAN_CHAIN [get_debug_cores dbg_hub].
reset_run synth_1
launch_runs impl_1 -to_step write_bitstream
[Tue Oct 17 11:48:45 2017] Launched synth_1...
Run output will be captured here: D:/MyWork/audio_effects/audio_effects.runs/synth_1/runme.log
[Tue Oct 17 11:48:45 2017] Launched impl_1...
Run output will be captured here: D:/MyWork/audio_effects/audio_effects.runs/impl_1/runme.log
set_property PROBES.FILE {} [lindex [get_hw_devices] 0]
set_property PROGRAM.FILE {D:/MyWork/audio_effects/audio_effects.runs/impl_1/AUDIO_FX_TOP.bit} [lindex [get_hw_devices] 0]
program_hw_devices [lindex [get_hw_devices] 0]
INFO: [Labtools 27-3164] End of startup status: HIGH
refresh_hw_device [lindex [get_hw_devices] 0]
INFO: [Labtools 27-1434] Device xc7a35t (JTAG device index = 0) is programmed with a design that has no supported debug core(s) in it.
WARNING: [Labtools 27-3123] The debug hub core was not detected at User Scan Chain 1 or 3.
Resolution: 
1. Make sure the clock connected to the debug hub (dbg_hub) core is a free running clock and is active OR
2. Manually launch hw_server with -e "set xsdb-user-bscan <C_USER_SCAN_CHAIN scan_chain_number>" to detect the debug hub at User Scan Chain of 2 or 4. To determine the user scan chain setting, open the implemented design and use: get_property C_USER_SCAN_CHAIN [get_debug_cores dbg_hub].
refresh_hw_device [lindex [get_hw_devices] 0]
INFO: [Labtools 27-1434] Device xc7a35t (JTAG device index = 0) is programmed with a design that has no supported debug core(s) in it.
WARNING: [Labtools 27-3123] The debug hub core was not detected at User Scan Chain 1 or 3.
Resolution: 
1. Make sure the clock connected to the debug hub (dbg_hub) core is a free running clock and is active OR
2. Manually launch hw_server with -e "set xsdb-user-bscan <C_USER_SCAN_CHAIN scan_chain_number>" to detect the debug hub at User Scan Chain of 2 or 4. To determine the user scan chain setting, open the implemented design and use: get_property C_USER_SCAN_CHAIN [get_debug_cores dbg_hub].
refresh_design
---------------------------------------------------------------------------------
Starting RTL Elaboration : Time (s): cpu = 00:06:02 ; elapsed = 02:20:50 . Memory (MB): peak = 1337.066 ; gain = 1129.105
---------------------------------------------------------------------------------
INFO: [Synth 8-638] synthesizing module 'AUDIO_FX_TOP' [D:/MyWork/audio_effects/audio_effects.srcs/sources_1/new/AUDIO_FX_TOP.v:14]
INFO: [Synth 8-638] synthesizing module 'create_clk_20k' [D:/MyWork/audio_effects/audio_effects.srcs/sources_1/new/create_clk_20k.v:23]
INFO: [Synth 8-256] done synthesizing module 'create_clk_20k' (1#1) [D:/MyWork/audio_effects/audio_effects.srcs/sources_1/new/create_clk_20k.v:23]
INFO: [Synth 8-638] synthesizing module 'create_clk_50M' [D:/MyWork/audio_effects/audio_effects.srcs/sources_1/new/create_clk_50M.v:23]
INFO: [Synth 8-256] done synthesizing module 'create_clk_50M' (2#1) [D:/MyWork/audio_effects/audio_effects.srcs/sources_1/new/create_clk_50M.v:23]
INFO: [Synth 8-638] synthesizing module 'create_tone' [D:/MyWork/audio_effects/audio_effects.srcs/sources_1/new/create_tone.v:23]
INFO: [Synth 8-256] done synthesizing module 'create_tone' (3#1) [D:/MyWork/audio_effects/audio_effects.srcs/sources_1/new/create_tone.v:23]
WARNING: [Synth 8-689] width (5) of port connection 'Tone_Choice' does not match port width (6) of module 'create_tone' [D:/MyWork/audio_effects/audio_effects.srcs/sources_1/new/AUDIO_FX_TOP.v:42]
WARNING: [Synth 8-689] width (12) of port connection 'Tone_Freq' does not match port width (1) of module 'create_tone' [D:/MyWork/audio_effects/audio_effects.srcs/sources_1/new/AUDIO_FX_TOP.v:42]
INFO: [Synth 8-638] synthesizing module 'DA2RefComp' [D:/MyWork/audio_effects/audio_effects.srcs/sources_1/imports/audio_effects.srcs/DA2CompRef.vhd:59]
INFO: [Synth 8-256] done synthesizing module 'DA2RefComp' (4#1) [D:/MyWork/audio_effects/audio_effects.srcs/sources_1/imports/audio_effects.srcs/DA2CompRef.vhd:59]
WARNING: [Synth 8-3848] Net J_MIC3_Pin1 in module/entity AUDIO_FX_TOP does not have driver. [D:/MyWork/audio_effects/audio_effects.srcs/sources_1/new/AUDIO_FX_TOP.v:21]
WARNING: [Synth 8-3848] Net J_MIC3_Pin4 in module/entity AUDIO_FX_TOP does not have driver. [D:/MyWork/audio_effects/audio_effects.srcs/sources_1/new/AUDIO_FX_TOP.v:22]
INFO: [Synth 8-256] done synthesizing module 'AUDIO_FX_TOP' (5#1) [D:/MyWork/audio_effects/audio_effects.srcs/sources_1/new/AUDIO_FX_TOP.v:14]
WARNING: [Synth 8-3331] design AUDIO_FX_TOP has unconnected port J_MIC3_Pin1
WARNING: [Synth 8-3331] design AUDIO_FX_TOP has unconnected port J_MIC3_Pin4
WARNING: [Synth 8-3331] design AUDIO_FX_TOP has unconnected port J_MIC3_Pin3
---------------------------------------------------------------------------------
Finished RTL Elaboration : Time (s): cpu = 00:06:02 ; elapsed = 02:20:51 . Memory (MB): peak = 1337.066 ; gain = 1129.105
---------------------------------------------------------------------------------

Report Check Netlist: 
+------+------------------+-------+---------+-------+------------------+
|      |Item              |Errors |Warnings |Status |Description       |
+------+------------------+-------+---------+-------+------------------+
|1     |multi_driven_nets |      0|        0|Passed |Multi driven nets |
+------+------------------+-------+---------+-------+------------------+
WARNING: [Synth 8-3295] tying undriven pin u2:DATA2[11] to constant 0 [D:/MyWork/audio_effects/audio_effects.srcs/sources_1/new/AUDIO_FX_TOP.v:61]
WARNING: [Synth 8-3295] tying undriven pin u2:DATA2[10] to constant 0 [D:/MyWork/audio_effects/audio_effects.srcs/sources_1/new/AUDIO_FX_TOP.v:61]
WARNING: [Synth 8-3295] tying undriven pin u2:DATA2[9] to constant 0 [D:/MyWork/audio_effects/audio_effects.srcs/sources_1/new/AUDIO_FX_TOP.v:61]
WARNING: [Synth 8-3295] tying undriven pin u2:DATA2[8] to constant 0 [D:/MyWork/audio_effects/audio_effects.srcs/sources_1/new/AUDIO_FX_TOP.v:61]
WARNING: [Synth 8-3295] tying undriven pin u2:DATA2[7] to constant 0 [D:/MyWork/audio_effects/audio_effects.srcs/sources_1/new/AUDIO_FX_TOP.v:61]
WARNING: [Synth 8-3295] tying undriven pin u2:DATA2[6] to constant 0 [D:/MyWork/audio_effects/audio_effects.srcs/sources_1/new/AUDIO_FX_TOP.v:61]
WARNING: [Synth 8-3295] tying undriven pin u2:DATA2[5] to constant 0 [D:/MyWork/audio_effects/audio_effects.srcs/sources_1/new/AUDIO_FX_TOP.v:61]
WARNING: [Synth 8-3295] tying undriven pin u2:DATA2[4] to constant 0 [D:/MyWork/audio_effects/audio_effects.srcs/sources_1/new/AUDIO_FX_TOP.v:61]
WARNING: [Synth 8-3295] tying undriven pin u2:DATA2[3] to constant 0 [D:/MyWork/audio_effects/audio_effects.srcs/sources_1/new/AUDIO_FX_TOP.v:61]
WARNING: [Synth 8-3295] tying undriven pin u2:DATA2[2] to constant 0 [D:/MyWork/audio_effects/audio_effects.srcs/sources_1/new/AUDIO_FX_TOP.v:61]
WARNING: [Synth 8-3295] tying undriven pin u2:DATA2[1] to constant 0 [D:/MyWork/audio_effects/audio_effects.srcs/sources_1/new/AUDIO_FX_TOP.v:61]
WARNING: [Synth 8-3295] tying undriven pin u2:DATA2[0] to constant 0 [D:/MyWork/audio_effects/audio_effects.srcs/sources_1/new/AUDIO_FX_TOP.v:61]
---------------------------------------------------------------------------------
Finished RTL Optimization Phase 1 : Time (s): cpu = 00:06:03 ; elapsed = 02:20:51 . Memory (MB): peak = 1337.066 ; gain = 1129.105
---------------------------------------------------------------------------------
INFO: [Project 1-570] Preparing netlist for logic optimization

Processing XDC Constraints
Initializing timing engine
Parsing XDC File [D:/MyWork/audio_effects/audio_effects.srcs/constrs_1/imports/Learn/Basys3_Master.xdc]
Finished Parsing XDC File [D:/MyWork/audio_effects/audio_effects.srcs/constrs_1/imports/Learn/Basys3_Master.xdc]
Completed Processing XDC Constraints

INFO: [Opt 31-138] Pushed 0 inverter(s) to 0 load pin(s).
refresh_design: Time (s): cpu = 00:00:10 ; elapsed = 00:00:10 . Memory (MB): peak = 1345.762 ; gain = 8.695
reset_run synth_1
launch_runs synth_1
INFO: [HDL 9-2216] Analyzing Verilog file "D:/MyWork/audio_effects/audio_effects.srcs/sources_1/new/create_tone.v" into library work [D:/MyWork/audio_effects/audio_effects.srcs/sources_1/new/create_tone.v:1]
[Tue Oct 17 11:57:16 2017] Launched synth_1...
Run output will be captured here: D:/MyWork/audio_effects/audio_effects.runs/synth_1/runme.log
launch_runs impl_1
[Tue Oct 17 11:58:02 2017] Launched impl_1...
Run output will be captured here: D:/MyWork/audio_effects/audio_effects.runs/impl_1/runme.log
launch_runs impl_1 -to_step write_bitstream
[Tue Oct 17 11:59:05 2017] Launched impl_1...
Run output will be captured here: D:/MyWork/audio_effects/audio_effects.runs/impl_1/runme.log
set_property PROBES.FILE {} [lindex [get_hw_devices] 0]
set_property PROGRAM.FILE {D:/MyWork/audio_effects/audio_effects.runs/impl_1/AUDIO_FX_TOP.bit} [lindex [get_hw_devices] 0]
program_hw_devices [lindex [get_hw_devices] 0]
INFO: [Labtools 27-3164] End of startup status: HIGH
refresh_hw_device [lindex [get_hw_devices] 0]
INFO: [Labtools 27-1434] Device xc7a35t (JTAG device index = 0) is programmed with a design that has no supported debug core(s) in it.
WARNING: [Labtools 27-3123] The debug hub core was not detected at User Scan Chain 1 or 3.
Resolution: 
1. Make sure the clock connected to the debug hub (dbg_hub) core is a free running clock and is active OR
2. Manually launch hw_server with -e "set xsdb-user-bscan <C_USER_SCAN_CHAIN scan_chain_number>" to detect the debug hub at User Scan Chain of 2 or 4. To determine the user scan chain setting, open the implemented design and use: get_property C_USER_SCAN_CHAIN [get_debug_cores dbg_hub].
reset_run synth_1
launch_runs impl_1 -to_step write_bitstream
[Tue Oct 17 12:03:36 2017] Launched synth_1...
Run output will be captured here: D:/MyWork/audio_effects/audio_effects.runs/synth_1/runme.log
[Tue Oct 17 12:03:36 2017] Launched impl_1...
Run output will be captured here: D:/MyWork/audio_effects/audio_effects.runs/impl_1/runme.log
set_property PROBES.FILE {} [lindex [get_hw_devices] 0]
set_property PROGRAM.FILE {D:/MyWork/audio_effects/audio_effects.runs/impl_1/AUDIO_FX_TOP.bit} [lindex [get_hw_devices] 0]
program_hw_devices [lindex [get_hw_devices] 0]
INFO: [Labtools 27-3164] End of startup status: HIGH
refresh_hw_device [lindex [get_hw_devices] 0]
INFO: [Labtools 27-1434] Device xc7a35t (JTAG device index = 0) is programmed with a design that has no supported debug core(s) in it.
WARNING: [Labtools 27-3123] The debug hub core was not detected at User Scan Chain 1 or 3.
Resolution: 
1. Make sure the clock connected to the debug hub (dbg_hub) core is a free running clock and is active OR
2. Manually launch hw_server with -e "set xsdb-user-bscan <C_USER_SCAN_CHAIN scan_chain_number>" to detect the debug hub at User Scan Chain of 2 or 4. To determine the user scan chain setting, open the implemented design and use: get_property C_USER_SCAN_CHAIN [get_debug_cores dbg_hub].
reset_run synth_1
launch_runs impl_1 -to_step write_bitstream
[Tue Oct 17 12:09:00 2017] Launched synth_1...
Run output will be captured here: D:/MyWork/audio_effects/audio_effects.runs/synth_1/runme.log
[Tue Oct 17 12:09:00 2017] Launched impl_1...
Run output will be captured here: D:/MyWork/audio_effects/audio_effects.runs/impl_1/runme.log
set_property PROBES.FILE {} [lindex [get_hw_devices] 0]
set_property PROGRAM.FILE {D:/MyWork/audio_effects/audio_effects.runs/impl_1/AUDIO_FX_TOP.bit} [lindex [get_hw_devices] 0]
program_hw_devices [lindex [get_hw_devices] 0]
INFO: [Labtools 27-3164] End of startup status: HIGH
refresh_hw_device [lindex [get_hw_devices] 0]
INFO: [Labtools 27-1434] Device xc7a35t (JTAG device index = 0) is programmed with a design that has no supported debug core(s) in it.
WARNING: [Labtools 27-3123] The debug hub core was not detected at User Scan Chain 1 or 3.
Resolution: 
1. Make sure the clock connected to the debug hub (dbg_hub) core is a free running clock and is active OR
2. Manually launch hw_server with -e "set xsdb-user-bscan <C_USER_SCAN_CHAIN scan_chain_number>" to detect the debug hub at User Scan Chain of 2 or 4. To determine the user scan chain setting, open the implemented design and use: get_property C_USER_SCAN_CHAIN [get_debug_cores dbg_hub].
exit
INFO: [Common 17-206] Exiting Vivado at Tue Oct 17 12:11:28 2017...
