#-----------------------------------------------------------
# Vivado v2016.2 (64-bit)
# SW Build 1577090 on Thu Jun  2 16:32:40 MDT 2016
# IP Build 1577682 on Fri Jun  3 12:00:54 MDT 2016
# Start of session at: Tue Oct 17 16:49:56 2017
# Process ID: 4036
# Current directory: F:/Project_Filip/Project 2/audio_effects
# Command line: vivado.exe -gui_launcher_event rodinguilauncherevent432 F:\Project_Filip\Project 2\audio_effects\audio_effects.xpr
# Log file: F:/Project_Filip/Project 2/audio_effects/vivado.log
# Journal file: F:/Project_Filip/Project 2/audio_effects\vivado.jou
#-----------------------------------------------------------
start_gui
open_project {F:/Project_Filip/Project 2/audio_effects/audio_effects.xpr}
Scanning sources...
Finished scanning sources
INFO: [IP_Flow 19-234] Refreshing IP repositories
INFO: [IP_Flow 19-1704] No user IP repositories specified
INFO: [IP_Flow 19-2313] Loaded Vivado IP repository 'C:/Xilinx/Vivado/2016.2/data/ip'.
WARNING: [IP_Flow 19-3664] IP 'dist_mem_gen_0' generated file not found 'f:/Project_Filip/Project 2/audio_effects/audio_effects.srcs/sources_1/ip/dist_mem_gen_0/dist_mem_gen_0.dcp'. Please regenerate to continue.
WARNING: [IP_Flow 19-3664] IP 'dist_mem_gen_0' generated file not found 'f:/Project_Filip/Project 2/audio_effects/audio_effects.srcs/sources_1/ip/dist_mem_gen_0/dist_mem_gen_0_stub.v'. Please regenerate to continue.
WARNING: [IP_Flow 19-3664] IP 'dist_mem_gen_0' generated file not found 'f:/Project_Filip/Project 2/audio_effects/audio_effects.srcs/sources_1/ip/dist_mem_gen_0/dist_mem_gen_0_stub.vhdl'. Please regenerate to continue.
WARNING: [IP_Flow 19-3664] IP 'dist_mem_gen_0' generated file not found 'f:/Project_Filip/Project 2/audio_effects/audio_effects.srcs/sources_1/ip/dist_mem_gen_0/dist_mem_gen_0_sim_netlist.v'. Please regenerate to continue.
WARNING: [IP_Flow 19-3664] IP 'dist_mem_gen_0' generated file not found 'f:/Project_Filip/Project 2/audio_effects/audio_effects.srcs/sources_1/ip/dist_mem_gen_0/dist_mem_gen_0_sim_netlist.vhdl'. Please regenerate to continue.
open_project: Time (s): cpu = 00:00:11 ; elapsed = 00:00:26 . Memory (MB): peak = 758.930 ; gain = 135.355
update_compile_order -fileset sources_1
exit
INFO: [Common 17-206] Exiting Vivado at Tue Oct 17 16:50:57 2017...
