#-----------------------------------------------------------
# Vivado v2016.2 (64-bit)
# SW Build 1577090 on Thu Jun  2 16:32:40 MDT 2016
# IP Build 1577682 on Fri Jun  3 12:00:54 MDT 2016
# Start of session at: Tue Oct 17 17:22:00 2017
# Process ID: 5772
# Current directory: F:/Project_Filip/Project 2/audio_effects
# Command line: vivado.exe -gui_launcher_event rodinguilauncherevent912 F:\Project_Filip\Project 2\audio_effects\audio_effects.xpr
# Log file: F:/Project_Filip/Project 2/audio_effects/vivado.log
# Journal file: F:/Project_Filip/Project 2/audio_effects\vivado.jou
#-----------------------------------------------------------
start_gui
open_project {F:/Project_Filip/Project 2/audio_effects/audio_effects.xpr}
Scanning sources...
Finished scanning sources
INFO: [IP_Flow 19-234] Refreshing IP repositories
INFO: [IP_Flow 19-1704] No user IP repositories specified
INFO: [IP_Flow 19-2313] Loaded Vivado IP repository 'C:/Xilinx/Vivado/2016.2/data/ip'.
open_project: Time (s): cpu = 00:00:12 ; elapsed = 00:00:28 . Memory (MB): peak = 759.832 ; gain = 105.383
update_compile_order -fileset sources_1
exit
INFO: [Common 17-206] Exiting Vivado at Tue Oct 17 17:23:19 2017...
