#-----------------------------------------------------------
# Vivado v2016.2 (64-bit)
# SW Build 1577090 on Thu Jun  2 16:32:40 MDT 2016
# IP Build 1577682 on Fri Jun  3 12:00:54 MDT 2016
# Start of session at: Fri Oct 20 12:05:30 2017
# Process ID: 5984
# Current directory: D:/MyWork/Project 3/audio_effects
# Command line: vivado.exe -gui_launcher_event rodinguilauncherevent5224 D:\MyWork\Project 3\audio_effects\audio_effects.xpr
# Log file: D:/MyWork/Project 3/audio_effects/vivado.log
# Journal file: D:/MyWork/Project 3/audio_effects\vivado.jou
#-----------------------------------------------------------
start_gui
open_project {D:/MyWork/Project 3/audio_effects/audio_effects.xpr}
Scanning sources...
Finished scanning sources
INFO: [IP_Flow 19-234] Refreshing IP repositories
INFO: [IP_Flow 19-1704] No user IP repositories specified
INFO: [IP_Flow 19-2313] Loaded Vivado IP repository 'C:/Xilinx/Vivado/2016.2/data/ip'.
open_project: Time (s): cpu = 00:00:11 ; elapsed = 00:00:06 . Memory (MB): peak = 775.496 ; gain = 140.469
update_compile_order -fileset sources_1
exit
INFO: [Common 17-206] Exiting Vivado at Fri Oct 20 12:06:02 2017...
