#-----------------------------------------------------------
# Vivado v2016.2 (64-bit)
# SW Build 1577090 on Thu Jun  2 16:32:40 MDT 2016
# IP Build 1577682 on Fri Jun  3 12:00:54 MDT 2016
# Start of session at: Tue Oct 24 16:56:37 2017
# Process ID: 3388
# Current directory: D:/MyWork/audio_effects
# Command line: vivado.exe -gui_launcher_event rodinguilauncherevent5848 D:\MyWork\audio_effects\audio_effects.xpr
# Log file: D:/MyWork/audio_effects/vivado.log
# Journal file: D:/MyWork/audio_effects\vivado.jou
#-----------------------------------------------------------
start_gui
open_project D:/MyWork/audio_effects/audio_effects.xpr
Scanning sources...
Finished scanning sources
INFO: [IP_Flow 19-234] Refreshing IP repositories
INFO: [IP_Flow 19-1704] No user IP repositories specified
INFO: [IP_Flow 19-2313] Loaded Vivado IP repository 'C:/Xilinx/Vivado/2016.2/data/ip'.
open_project: Time (s): cpu = 00:00:12 ; elapsed = 00:00:06 . Memory (MB): peak = 802.180 ; gain = 128.020
update_compile_order -fileset sources_1
close [ open D:/MyWork/audio_effects/audio_effects.srcs/sources_1/new/volume_to_led.v w ]
add_files D:/MyWork/audio_effects/audio_effects.srcs/sources_1/new/volume_to_led.v
update_compile_order -fileset sources_1
remove_files D:/MyWork/audio_effects/audio_effects.srcs/sources_1/new/volume_to_led.v
file delete -force D:/MyWork/audio_effects/audio_effects.srcs/sources_1/new/volume_to_led.v
import_files -norecurse F:/project_1_tis/project_1_tis.srcs/sources_1/new/volume_to_led.v
update_compile_order -fileset sources_1
update_compile_order -fileset sources_1
reset_run synth_1
launch_runs impl_1 -to_step write_bitstream -jobs 2
[Tue Oct 24 17:11:08 2017] Launched synth_1...
Run output will be captured here: D:/MyWork/audio_effects/audio_effects.runs/synth_1/runme.log
[Tue Oct 24 17:11:08 2017] Launched impl_1...
Run output will be captured here: D:/MyWork/audio_effects/audio_effects.runs/impl_1/runme.log
launch_runs: Time (s): cpu = 00:00:03 ; elapsed = 00:01:01 . Memory (MB): peak = 827.895 ; gain = 5.613
