#-----------------------------------------------------------
# Vivado v2016.2 (64-bit)
# SW Build 1577090 on Thu Jun  2 16:32:40 MDT 2016
# IP Build 1577682 on Fri Jun  3 12:00:54 MDT 2016
# Start of session at: Tue Oct 24 09:03:27 2017
# Process ID: 4888
# Current directory: D:/MyWork/Project 4/audio_effects
# Command line: vivado.exe -gui_launcher_event rodinguilauncherevent4248 D:\MyWork\Project 4\audio_effects\audio_effects.xpr
# Log file: D:/MyWork/Project 4/audio_effects/vivado.log
# Journal file: D:/MyWork/Project 4/audio_effects\vivado.jou
#-----------------------------------------------------------
start_gui
open_project {D:/MyWork/Project 4/audio_effects/audio_effects.xpr}
INFO: [Project 1-313] Project file moved from 'D:/MyWork/Project 3/audio_effects' since last save.
Scanning sources...
Finished scanning sources
INFO: [IP_Flow 19-234] Refreshing IP repositories
INFO: [IP_Flow 19-1704] No user IP repositories specified
INFO: [IP_Flow 19-2313] Loaded Vivado IP repository 'C:/Labsoft/Xilinx/Vivado/2016.2/data/ip'.
open_project: Time (s): cpu = 00:00:12 ; elapsed = 00:00:50 . Memory (MB): peak = 734.535 ; gain = 136.430
update_compile_order -fileset sources_1
update_compile_order -fileset sources_1
update_compile_order -fileset sources_1
close [ open {D:/MyWork/Project 4/audio_effects/audio_effects.srcs/sources_1/new/song_module.v} w ]
add_files {{D:/MyWork/Project 4/audio_effects/audio_effects.srcs/sources_1/new/song_module.v}}
update_compile_order -fileset sources_1
update_compile_order -fileset sources_1
remove_files {{D:/MyWork/Project 4/audio_effects/audio_effects.srcs/sources_1/new/song_module.v}}
file delete -force {D:/MyWork/Project 4/audio_effects/audio_effects.srcs/sources_1/new/song_module.v}
close [ open {D:/MyWork/Project 4/audio_effects/audio_effects.srcs/sources_1/new/record_module.v} w ]
add_files {{D:/MyWork/Project 4/audio_effects/audio_effects.srcs/sources_1/new/record_module.v}}
update_compile_order -fileset sources_1
update_compile_order -fileset sources_1
reset_run synth_1
launch_runs impl_1 -to_step write_bitstream -jobs 2
[Tue Oct 24 09:44:13 2017] Launched synth_1...
Run output will be captured here: D:/MyWork/Project 4/audio_effects/audio_effects.runs/synth_1/runme.log
[Tue Oct 24 09:44:13 2017] Launched impl_1...
Run output will be captured here: D:/MyWork/Project 4/audio_effects/audio_effects.runs/impl_1/runme.log
launch_runs: Time (s): cpu = 00:00:00 ; elapsed = 00:01:01 . Memory (MB): peak = 777.730 ; gain = 0.000
reset_run synth_1
launch_runs impl_1 -to_step write_bitstream -jobs 2
INFO: [Common 17-41] Interrupt caught. Command should exit soon.
[Tue Oct 24 09:45:40 2017] Launched synth_1...
Run output will be captured here: D:/MyWork/Project 4/audio_effects/audio_effects.runs/synth_1/runme.log
[Tue Oct 24 09:45:40 2017] Launched impl_1...
Run output will be captured here: D:/MyWork/Project 4/audio_effects/audio_effects.runs/impl_1/runme.log
launch_runs: Time (s): cpu = 00:00:01 ; elapsed = 00:01:00 . Memory (MB): peak = 795.324 ; gain = 0.000
INFO: [Common 17-344] 'launch_runs' was cancelled
reset_run synth_1
launch_runs synth_1 -jobs 2
INFO: [HDL 9-2216] Analyzing Verilog file "D:/MyWork/Project 4/audio_effects/audio_effects.srcs/sources_1/new/AUDIO_FX_TOP.v" into library work [D:/MyWork/Project 4/audio_effects/audio_effects.srcs/sources_1/new/AUDIO_FX_TOP.v:1]
[Tue Oct 24 09:46:44 2017] Launched synth_1...
Run output will be captured here: D:/MyWork/Project 4/audio_effects/audio_effects.runs/synth_1/runme.log
launch_runs: Time (s): cpu = 00:00:00 ; elapsed = 00:01:00 . Memory (MB): peak = 795.324 ; gain = 0.000
exit
INFO: [Common 17-206] Exiting Vivado at Tue Oct 24 09:48:16 2017...
