#-----------------------------------------------------------
# Vivado v2016.2 (64-bit)
# SW Build 1577090 on Thu Jun  2 16:32:40 MDT 2016
# IP Build 1577682 on Fri Jun  3 12:00:54 MDT 2016
# Start of session at: Tue Oct 24 11:49:44 2017
# Process ID: 4768
# Current directory: F:/Project_Filip/Project 5/audio_effects
# Command line: vivado.exe -gui_launcher_event rodinguilauncherevent4808 F:\Project_Filip\Project 5\audio_effects\audio_effects.xpr
# Log file: F:/Project_Filip/Project 5/audio_effects/vivado.log
# Journal file: F:/Project_Filip/Project 5/audio_effects\vivado.jou
#-----------------------------------------------------------
start_gui
open_project {F:/Project_Filip/Project 5/audio_effects/audio_effects.xpr}
INFO: [Project 1-313] Project file moved from 'D:/MyWork/Project 4/audio_effects' since last save.
Scanning sources...
Finished scanning sources
INFO: [IP_Flow 19-234] Refreshing IP repositories
INFO: [IP_Flow 19-1704] No user IP repositories specified
INFO: [IP_Flow 19-2313] Loaded Vivado IP repository 'C:/Labsoft/Xilinx/Vivado/2016.2/data/ip'.
open_project: Time (s): cpu = 00:00:13 ; elapsed = 00:00:35 . Memory (MB): peak = 806.723 ; gain = 157.402
update_compile_order -fileset sources_1
exit
INFO: [Common 17-206] Exiting Vivado at Tue Oct 24 11:54:30 2017...
