#-----------------------------------------------------------
# Vivado v2016.2 (64-bit)
# SW Build 1577090 on Thu Jun  2 16:32:40 MDT 2016
# IP Build 1577682 on Fri Jun  3 12:00:54 MDT 2016
# Start of session at: Tue Oct 17 16:23:46 2017
# Process ID: 1844
# Current directory: D:/MyWork
# Command line: vivado.exe -gui_launcher_event rodinguilauncherevent5064 D:\MyWork\project_1_linnea.xpr
# Log file: D:/MyWork/vivado.log
# Journal file: D:/MyWork\vivado.jou
#-----------------------------------------------------------
start_gui
open_project D:/MyWork/project_1_linnea.xpr
CRITICAL WARNING: [Project 1-19] Could not find the file 'D:/audio_effects/archive_project_summary.txt'.
Scanning sources...
Finished scanning sources
INFO: [IP_Flow 19-234] Refreshing IP repositories
INFO: [IP_Flow 19-1704] No user IP repositories specified
INFO: [IP_Flow 19-2313] Loaded Vivado IP repository 'C:/Xilinx/Vivado/2016.2/data/ip'.
update_compile_order -fileset sources_1
reset_run synth_1
launch_runs impl_1 -to_step write_bitstream
[Tue Oct 17 16:24:29 2017] Launched synth_1...
Run output will be captured here: D:/MyWork/project_1_linnea.runs/synth_1/runme.log
[Tue Oct 17 16:24:29 2017] Launched impl_1...
Run output will be captured here: D:/MyWork/project_1_linnea.runs/impl_1/runme.log
exit
INFO: [Common 17-206] Exiting Vivado at Tue Oct 17 16:27:04 2017...
