#-----------------------------------------------------------
# Vivado v2016.2 (64-bit)
# SW Build 1577090 on Thu Jun  2 16:32:40 MDT 2016
# IP Build 1577682 on Fri Jun  3 12:00:54 MDT 2016
# Start of session at: Tue Oct 10 17:15:49 2017
# Process ID: 5284
# Current directory: F:/Project/audio_effects
# Command line: vivado.exe -gui_launcher_event rodinguilauncherevent5972 F:\Project\audio_effects\audio_effects.xpr
# Log file: F:/Project/audio_effects/vivado.log
# Journal file: F:/Project/audio_effects\vivado.jou
#-----------------------------------------------------------
start_gui
open_project F:/Project/audio_effects/audio_effects.xpr
INFO: [Project 1-313] Project file moved from 'D:/DEL/EE2020/EE2020 Lab And Project Files/Project Files/ProjectTemplate@MyWorkDirectory/audio_effects' since last save.
Scanning sources...
Finished scanning sources
INFO: [IP_Flow 19-234] Refreshing IP repositories
INFO: [IP_Flow 19-1704] No user IP repositories specified
INFO: [IP_Flow 19-2313] Loaded Vivado IP repository 'C:/Xilinx/Vivado/2016.2/data/ip'.
open_project: Time (s): cpu = 00:00:10 ; elapsed = 00:00:15 . Memory (MB): peak = 789.793 ; gain = 135.859
update_compile_order -fileset sources_1
exit
INFO: [Common 17-206] Exiting Vivado at Tue Oct 10 17:16:43 2017...
